{"contracts/balancer/BColor.sol":{"l":{"26":0},"path":"/Users/fabianscherer/Documents/GitHub/Privat/curve-vote-app/contracts/balancer/BColor.sol","s":{"1":0},"b":{},"f":{"1":0},"fnMap":{"1":{"name":"getColor","line":23,"loc":{"start":{"line":23,"column":4},"end":{"line":27,"column":8}}}},"statementMap":{"1":{"start":{"line":26,"column":12},"end":{"line":26,"column":36}}},"branchMap":{}},"contracts/balancer/BConst.sol":{"l":{},"path":"/Users/fabianscherer/Documents/GitHub/Privat/curve-vote-app/contracts/balancer/BConst.sol","s":{},"b":{},"f":{},"fnMap":{},"statementMap":{},"branchMap":{}},"contracts/balancer/BFactory.sol":{"l":{"36":0,"43":0,"44":0,"45":0,"46":0,"47":0,"53":0,"60":0,"66":0,"67":0,"68":0,"74":0,"75":0,"76":0,"77":0},"path":"/Users/fabianscherer/Documents/GitHub/Privat/curve-vote-app/contracts/balancer/BFactory.sol","s":{"1":0,"2":0,"3":0,"4":0,"5":0,"6":0,"7":0,"8":0,"9":0,"10":0,"11":0,"12":0,"13":0,"14":0,"15":0},"b":{"1":[0,0],"2":[0,0],"3":[0,0]},"f":{"1":0,"2":0,"3":0,"4":0,"5":0,"6":0},"fnMap":{"1":{"name":"isBPool","line":33,"loc":{"start":{"line":33,"column":4},"end":{"line":37,"column":4}}},"2":{"name":"newBPool","line":39,"loc":{"start":{"line":39,"column":4},"end":{"line":48,"column":4}}},"3":{"name":"constructor","line":52,"loc":{"start":{"line":52,"column":4},"end":{"line":54,"column":4}}},"4":{"name":"getBLabs","line":56,"loc":{"start":{"line":56,"column":4},"end":{"line":61,"column":4}}},"5":{"name":"setBLabs","line":63,"loc":{"start":{"line":63,"column":4},"end":{"line":69,"column":4}}},"6":{"name":"collect","line":71,"loc":{"start":{"line":71,"column":4},"end":{"line":78,"column":4}}}},"statementMap":{"1":{"start":{"line":36,"column":8},"end":{"line":36,"column":26}},"2":{"start":{"line":43,"column":8},"end":{"line":43,"column":33}},"3":{"start":{"line":44,"column":8},"end":{"line":44,"column":38}},"4":{"start":{"line":45,"column":8},"end":{"line":45,"column":53}},"5":{"start":{"line":46,"column":8},"end":{"line":46,"column":38}},"6":{"start":{"line":47,"column":8},"end":{"line":47,"column":20}},"7":{"start":{"line":53,"column":8},"end":{"line":53,"column":26}},"8":{"start":{"line":60,"column":8},"end":{"line":60,"column":21}},"9":{"start":{"line":66,"column":8},"end":{"line":66,"column":53}},"10":{"start":{"line":67,"column":8},"end":{"line":67,"column":37}},"11":{"start":{"line":68,"column":8},"end":{"line":68,"column":17}},"12":{"start":{"line":74,"column":8},"end":{"line":74,"column":53}},"13":{"start":{"line":75,"column":8},"end":{"line":75,"column":62}},"14":{"start":{"line":76,"column":8},"end":{"line":76,"column":52}},"15":{"start":{"line":77,"column":8},"end":{"line":77,"column":40}}},"branchMap":{"1":{"line":66,"type":"if","locations":[{"start":{"line":66,"column":8},"end":{"line":66,"column":8}},{"start":{"line":66,"column":8},"end":{"line":66,"column":8}}]},"2":{"line":74,"type":"if","locations":[{"start":{"line":74,"column":8},"end":{"line":74,"column":8}},{"start":{"line":74,"column":8},"end":{"line":74,"column":8}}]},"3":{"line":77,"type":"if","locations":[{"start":{"line":77,"column":8},"end":{"line":77,"column":8}},{"start":{"line":77,"column":8},"end":{"line":77,"column":8}}]}}},"contracts/balancer/BMath.sol":{"l":{"38":0,"39":0,"40":0,"41":0,"42":0,"66":0,"67":0,"68":0,"69":0,"70":0,"71":0,"72":0,"73":0,"97":0,"98":0,"99":0,"100":0,"101":0,"102":0,"103":0,"104":0,"132":0,"133":0,"134":0,"136":0,"137":0,"140":0,"141":0,"142":0,"143":0,"167":0,"168":0,"169":0,"172":0,"173":0,"174":0,"175":0,"179":0,"180":0,"181":0,"206":0,"209":0,"210":0,"211":0,"214":0,"215":0,"217":0,"221":0,"222":0,"223":0,"250":0,"252":0,"253":0,"254":0,"256":0,"257":0,"260":0,"261":0,"262":0,"266":0,"267":0},"path":"/Users/fabianscherer/Documents/GitHub/Privat/curve-vote-app/contracts/balancer/BMath.sol","s":{"1":0,"2":0,"3":0,"4":0,"5":0,"6":0,"7":0,"8":0,"9":0,"10":0,"11":0,"12":0,"13":0,"14":0,"15":0,"16":0,"17":0,"18":0,"19":0,"20":0,"21":0,"22":0,"23":0,"24":0,"25":0,"26":0,"27":0,"28":0,"29":0,"30":0,"31":0,"32":0,"33":0,"34":0,"35":0,"36":0,"37":0,"38":0,"39":0,"40":0,"41":0,"42":0,"43":0,"44":0,"45":0,"46":0,"47":0,"48":0,"49":0,"50":0,"51":0,"52":0,"53":0,"54":0,"55":0,"56":0,"57":0,"58":0,"59":0,"60":0,"61":0},"b":{},"f":{"1":0,"2":0,"3":0,"4":0,"5":0,"6":0,"7":0},"fnMap":{"1":{"name":"calcSpotPrice","line":28,"loc":{"start":{"line":28,"column":4},"end":{"line":43,"column":4}}},"2":{"name":"calcOutGivenIn","line":55,"loc":{"start":{"line":55,"column":4},"end":{"line":74,"column":4}}},"3":{"name":"calcInGivenOut","line":86,"loc":{"start":{"line":86,"column":4},"end":{"line":105,"column":4}}},"4":{"name":"calcPoolOutGivenSingleIn","line":117,"loc":{"start":{"line":117,"column":4},"end":{"line":144,"column":4}}},"5":{"name":"calcSingleInGivenPoolOut","line":156,"loc":{"start":{"line":156,"column":4},"end":{"line":182,"column":4}}},"6":{"name":"calcSingleOutGivenPoolIn","line":195,"loc":{"start":{"line":195,"column":4},"end":{"line":224,"column":4}}},"7":{"name":"calcPoolInGivenSingleOut","line":237,"loc":{"start":{"line":237,"column":4},"end":{"line":268,"column":4}}}},"statementMap":{"1":{"start":{"line":38,"column":8},"end":{"line":38,"column":56}},"2":{"start":{"line":39,"column":8},"end":{"line":39,"column":58}},"3":{"start":{"line":40,"column":8},"end":{"line":40,"column":39}},"4":{"start":{"line":41,"column":8},"end":{"line":41,"column":52}},"5":{"start":{"line":42,"column":8},"end":{"line":42,"column":48}},"6":{"start":{"line":66,"column":8},"end":{"line":66,"column":62}},"7":{"start":{"line":67,"column":8},"end":{"line":67,"column":45}},"8":{"start":{"line":68,"column":8},"end":{"line":68,"column":51}},"9":{"start":{"line":69,"column":8},"end":{"line":69,"column":71}},"10":{"start":{"line":70,"column":8},"end":{"line":70,"column":39}},"11":{"start":{"line":71,"column":8},"end":{"line":71,"column":34}},"12":{"start":{"line":72,"column":8},"end":{"line":72,"column":50}},"13":{"start":{"line":73,"column":8},"end":{"line":73,"column":29}},"14":{"start":{"line":97,"column":8},"end":{"line":97,"column":62}},"15":{"start":{"line":98,"column":8},"end":{"line":98,"column":57}},"16":{"start":{"line":99,"column":8},"end":{"line":99,"column":44}},"17":{"start":{"line":100,"column":8},"end":{"line":100,"column":39}},"18":{"start":{"line":101,"column":8},"end":{"line":101,"column":28}},"19":{"start":{"line":102,"column":8},"end":{"line":102,"column":42}},"20":{"start":{"line":103,"column":8},"end":{"line":103,"column":69}},"21":{"start":{"line":104,"column":8},"end":{"line":104,"column":28}},"22":{"start":{"line":132,"column":8},"end":{"line":132,"column":64}},"23":{"start":{"line":133,"column":8},"end":{"line":133,"column":62}},"24":{"start":{"line":134,"column":8},"end":{"line":134,"column":73}},"25":{"start":{"line":136,"column":8},"end":{"line":136,"column":76}},"26":{"start":{"line":137,"column":8},"end":{"line":137,"column":67}},"27":{"start":{"line":140,"column":8},"end":{"line":140,"column":61}},"28":{"start":{"line":141,"column":8},"end":{"line":141,"column":56}},"29":{"start":{"line":142,"column":8},"end":{"line":142,"column":54}},"30":{"start":{"line":143,"column":8},"end":{"line":143,"column":28}},"31":{"start":{"line":167,"column":8},"end":{"line":167,"column":64}},"32":{"start":{"line":168,"column":8},"end":{"line":168,"column":60}},"33":{"start":{"line":169,"column":8},"end":{"line":169,"column":56}},"34":{"start":{"line":172,"column":8},"end":{"line":172,"column":47}},"35":{"start":{"line":173,"column":8},"end":{"line":173,"column":48}},"36":{"start":{"line":174,"column":8},"end":{"line":174,"column":67}},"37":{"start":{"line":175,"column":8},"end":{"line":175,"column":76}},"38":{"start":{"line":179,"column":8},"end":{"line":179,"column":62}},"39":{"start":{"line":180,"column":8},"end":{"line":180,"column":67}},"40":{"start":{"line":181,"column":8},"end":{"line":181,"column":28}},"41":{"start":{"line":206,"column":8},"end":{"line":206,"column":65}},"42":{"start":{"line":209,"column":8},"end":{"line":209,"column":80}},"43":{"start":{"line":210,"column":8},"end":{"line":210,"column":71}},"44":{"start":{"line":211,"column":8},"end":{"line":211,"column":56}},"45":{"start":{"line":214,"column":8},"end":{"line":214,"column":74}},"46":{"start":{"line":215,"column":8},"end":{"line":215,"column":70}},"47":{"start":{"line":217,"column":8},"end":{"line":217,"column":84}},"48":{"start":{"line":221,"column":8},"end":{"line":221,"column":62}},"49":{"start":{"line":222,"column":8},"end":{"line":222,"column":74}},"50":{"start":{"line":223,"column":8},"end":{"line":223,"column":29}},"51":{"start":{"line":250,"column":8},"end":{"line":250,"column":65}},"52":{"start":{"line":252,"column":8},"end":{"line":252,"column":47}},"53":{"start":{"line":253,"column":8},"end":{"line":253,"column":37}},"54":{"start":{"line":254,"column":8},"end":{"line":254,"column":80}},"55":{"start":{"line":256,"column":8},"end":{"line":256,"column":84}},"56":{"start":{"line":257,"column":8},"end":{"line":257,"column":70}},"57":{"start":{"line":260,"column":8},"end":{"line":260,"column":62}},"58":{"start":{"line":261,"column":8},"end":{"line":261,"column":56}},"59":{"start":{"line":262,"column":8},"end":{"line":262,"column":71}},"60":{"start":{"line":266,"column":8},"end":{"line":266,"column":74}},"61":{"start":{"line":267,"column":8},"end":{"line":267,"column":27}}},"branchMap":{}},"contracts/balancer/BNum.sol":{"l":{"24":0,"31":0,"38":0,"39":0,"40":0,"47":0,"48":0,"49":0,"56":0,"57":0,"59":0,"67":0,"68":0,"69":0,"70":0,"71":0,"72":0,"79":0,"80":0,"81":0,"82":0,"83":0,"84":0,"85":0,"93":0,"95":0,"96":0,"98":0,"99":0,"102":0,"112":0,"113":0,"115":0,"116":0,"118":0,"120":0,"121":0,"124":0,"125":0,"133":0,"134":0,"135":0,"136":0,"137":0,"144":0,"145":0,"146":0,"147":0,"148":0,"149":0,"151":0,"152":0,"153":0,"154":0,"156":0,"160":0},"path":"/Users/fabianscherer/Documents/GitHub/Privat/curve-vote-app/contracts/balancer/BNum.sol","s":{"1":0,"2":0,"3":0,"4":0,"5":0,"6":0,"7":0,"8":0,"9":0,"10":0,"11":0,"12":0,"13":0,"14":0,"15":0,"16":0,"17":0,"18":0,"19":0,"20":0,"21":0,"22":0,"23":0,"24":0,"25":0,"26":0,"27":0,"28":0,"29":0,"30":0,"31":0,"32":0,"33":0,"34":0,"35":0,"36":0,"37":0,"38":0,"39":0,"40":0,"41":0,"42":0,"43":0,"44":0,"45":0,"46":0,"47":0,"48":0,"49":0,"50":0,"51":0,"52":0,"53":0,"54":0,"55":0,"56":0,"57":0,"58":0},"b":{"1":[0,0],"2":[0,0],"3":[0,0],"4":[0,0],"5":[0,0],"6":[0,0],"7":[0,0],"8":[0,0],"9":[0,0],"10":[0,0],"11":[0,0],"12":[0,0],"13":[0,0],"14":[0,0],"15":[0,0],"16":[0,0]},"f":{"1":0,"2":0,"3":0,"4":0,"5":0,"6":0,"7":0,"8":0,"9":0,"10":0},"fnMap":{"1":{"name":"btoi","line":20,"loc":{"start":{"line":20,"column":4},"end":{"line":25,"column":4}}},"2":{"name":"bfloor","line":27,"loc":{"start":{"line":27,"column":4},"end":{"line":32,"column":4}}},"3":{"name":"badd","line":34,"loc":{"start":{"line":34,"column":4},"end":{"line":41,"column":4}}},"4":{"name":"bsub","line":43,"loc":{"start":{"line":43,"column":4},"end":{"line":50,"column":4}}},"5":{"name":"bsubSign","line":52,"loc":{"start":{"line":52,"column":4},"end":{"line":61,"column":4}}},"6":{"name":"bmul","line":63,"loc":{"start":{"line":63,"column":4},"end":{"line":73,"column":4}}},"7":{"name":"bdiv","line":75,"loc":{"start":{"line":75,"column":4},"end":{"line":86,"column":4}}},"8":{"name":"bpowi","line":89,"loc":{"start":{"line":89,"column":4},"end":{"line":103,"column":4}}},"9":{"name":"bpow","line":108,"loc":{"start":{"line":108,"column":4},"end":{"line":126,"column":4}}},"10":{"name":"bpowApprox","line":128,"loc":{"start":{"line":128,"column":4},"end":{"line":161,"column":4}}}},"statementMap":{"1":{"start":{"line":24,"column":8},"end":{"line":24,"column":23}},"2":{"start":{"line":31,"column":8},"end":{"line":31,"column":29}},"3":{"start":{"line":38,"column":8},"end":{"line":38,"column":22}},"4":{"start":{"line":39,"column":8},"end":{"line":39,"column":42}},"5":{"start":{"line":40,"column":8},"end":{"line":40,"column":16}},"6":{"start":{"line":47,"column":8},"end":{"line":47,"column":44}},"7":{"start":{"line":48,"column":8},"end":{"line":48,"column":42}},"8":{"start":{"line":49,"column":8},"end":{"line":49,"column":16}},"9":{"start":{"line":56,"column":8},"end":{"line":56,"column":1438}},"10":{"start":{"line":57,"column":12},"end":{"line":57,"column":33}},"11":{"start":{"line":59,"column":12},"end":{"line":59,"column":32}},"12":{"start":{"line":67,"column":8},"end":{"line":67,"column":23}},"13":{"start":{"line":68,"column":8},"end":{"line":68,"column":57}},"14":{"start":{"line":69,"column":8},"end":{"line":69,"column":33}},"15":{"start":{"line":70,"column":8},"end":{"line":70,"column":44}},"16":{"start":{"line":71,"column":8},"end":{"line":71,"column":27}},"17":{"start":{"line":72,"column":8},"end":{"line":72,"column":17}},"18":{"start":{"line":79,"column":8},"end":{"line":79,"column":38}},"19":{"start":{"line":80,"column":8},"end":{"line":80,"column":26}},"20":{"start":{"line":81,"column":8},"end":{"line":81,"column":60}},"21":{"start":{"line":82,"column":8},"end":{"line":82,"column":30}},"22":{"start":{"line":83,"column":8},"end":{"line":83,"column":44}},"23":{"start":{"line":84,"column":8},"end":{"line":84,"column":24}},"24":{"start":{"line":85,"column":8},"end":{"line":85,"column":17}},"25":{"start":{"line":93,"column":8},"end":{"line":93,"column":38}},"26":{"start":{"line":95,"column":8},"end":{"line":95,"column":2398}},"27":{"start":{"line":96,"column":12},"end":{"line":96,"column":25}},"28":{"start":{"line":98,"column":12},"end":{"line":98,"column":2474}},"29":{"start":{"line":99,"column":16},"end":{"line":99,"column":29}},"30":{"start":{"line":102,"column":8},"end":{"line":102,"column":16}},"31":{"start":{"line":112,"column":8},"end":{"line":112,"column":62}},"32":{"start":{"line":113,"column":8},"end":{"line":113,"column":63}},"33":{"start":{"line":115,"column":8},"end":{"line":115,"column":33}},"34":{"start":{"line":116,"column":8},"end":{"line":116,"column":38}},"35":{"start":{"line":118,"column":8},"end":{"line":118,"column":48}},"36":{"start":{"line":120,"column":8},"end":{"line":120,"column":3079}},"37":{"start":{"line":121,"column":12},"end":{"line":121,"column":27}},"38":{"start":{"line":124,"column":8},"end":{"line":124,"column":69}},"39":{"start":{"line":125,"column":8},"end":{"line":125,"column":44}},"40":{"start":{"line":133,"column":8},"end":{"line":133,"column":24}},"41":{"start":{"line":134,"column":8},"end":{"line":134,"column":51}},"42":{"start":{"line":135,"column":8},"end":{"line":135,"column":24}},"43":{"start":{"line":136,"column":8},"end":{"line":136,"column":25}},"44":{"start":{"line":137,"column":8},"end":{"line":137,"column":29}},"45":{"start":{"line":144,"column":8},"end":{"line":144,"column":3791}},"46":{"start":{"line":145,"column":12},"end":{"line":145,"column":32}},"47":{"start":{"line":146,"column":12},"end":{"line":146,"column":63}},"48":{"start":{"line":147,"column":12},"end":{"line":147,"column":40}},"49":{"start":{"line":148,"column":12},"end":{"line":148,"column":34}},"50":{"start":{"line":149,"column":12},"end":{"line":149,"column":32}},"51":{"start":{"line":151,"column":12},"end":{"line":151,"column":42}},"52":{"start":{"line":151,"column":22},"end":{"line":151,"column":41}},"53":{"start":{"line":152,"column":12},"end":{"line":152,"column":42}},"54":{"start":{"line":152,"column":22},"end":{"line":152,"column":41}},"55":{"start":{"line":153,"column":12},"end":{"line":153,"column":4152}},"56":{"start":{"line":154,"column":16},"end":{"line":154,"column":36}},"57":{"start":{"line":156,"column":16},"end":{"line":156,"column":36}},"58":{"start":{"line":160,"column":8},"end":{"line":160,"column":18}}},"branchMap":{"1":{"line":39,"type":"if","locations":[{"start":{"line":39,"column":8},"end":{"line":39,"column":8}},{"start":{"line":39,"column":8},"end":{"line":39,"column":8}}]},"2":{"line":48,"type":"if","locations":[{"start":{"line":48,"column":8},"end":{"line":48,"column":8}},{"start":{"line":48,"column":8},"end":{"line":48,"column":8}}]},"3":{"line":56,"type":"if","locations":[{"start":{"line":56,"column":8},"end":{"line":56,"column":8}},{"start":{"line":56,"column":8},"end":{"line":56,"column":8}}]},"4":{"line":68,"type":"if","locations":[{"start":{"line":68,"column":8},"end":{"line":68,"column":8}},{"start":{"line":68,"column":8},"end":{"line":68,"column":8}}]},"5":{"line":70,"type":"if","locations":[{"start":{"line":70,"column":8},"end":{"line":70,"column":8}},{"start":{"line":70,"column":8},"end":{"line":70,"column":8}}]},"6":{"line":79,"type":"if","locations":[{"start":{"line":79,"column":8},"end":{"line":79,"column":8}},{"start":{"line":79,"column":8},"end":{"line":79,"column":8}}]},"7":{"line":81,"type":"if","locations":[{"start":{"line":81,"column":8},"end":{"line":81,"column":8}},{"start":{"line":81,"column":8},"end":{"line":81,"column":8}}]},"8":{"line":83,"type":"if","locations":[{"start":{"line":83,"column":8},"end":{"line":83,"column":8}},{"start":{"line":83,"column":8},"end":{"line":83,"column":8}}]},"9":{"line":98,"type":"if","locations":[{"start":{"line":98,"column":12},"end":{"line":98,"column":12}},{"start":{"line":98,"column":12},"end":{"line":98,"column":12}}]},"10":{"line":112,"type":"if","locations":[{"start":{"line":112,"column":8},"end":{"line":112,"column":8}},{"start":{"line":112,"column":8},"end":{"line":112,"column":8}}]},"11":{"line":113,"type":"if","locations":[{"start":{"line":113,"column":8},"end":{"line":113,"column":8}},{"start":{"line":113,"column":8},"end":{"line":113,"column":8}}]},"12":{"line":120,"type":"if","locations":[{"start":{"line":120,"column":8},"end":{"line":120,"column":8}},{"start":{"line":120,"column":8},"end":{"line":120,"column":8}}]},"13":{"line":149,"type":"if","locations":[{"start":{"line":149,"column":12},"end":{"line":149,"column":12}},{"start":{"line":149,"column":12},"end":{"line":149,"column":12}}]},"14":{"line":151,"type":"if","locations":[{"start":{"line":151,"column":12},"end":{"line":151,"column":12}},{"start":{"line":151,"column":12},"end":{"line":151,"column":12}}]},"15":{"line":152,"type":"if","locations":[{"start":{"line":152,"column":12},"end":{"line":152,"column":12}},{"start":{"line":152,"column":12},"end":{"line":152,"column":12}}]},"16":{"line":153,"type":"if","locations":[{"start":{"line":153,"column":12},"end":{"line":153,"column":12}},{"start":{"line":153,"column":12},"end":{"line":153,"column":12}}]}}},"contracts/balancer/BPool.sol":{"l":{"55":0,"56":0,"60":0,"61":0,"62":0,"63":0,"67":0,"68":0,"87":0,"88":0,"89":0,"90":0,"91":0,"98":0,"105":0,"112":0,"119":0,"126":0,"134":0,"135":0,"144":0,"145":0,"153":0,"162":0,"163":0,"164":0,"173":0,"174":0,"182":0,"190":0,"198":0,"199":0,"200":0,"201":0,"202":0,"210":0,"211":0,"219":0,"220":0,"221":0,"229":0,"230":0,"231":0,"233":0,"234":0,"236":0,"237":0,"246":0,"247":0,"248":0,"250":0,"252":0,"258":0,"259":0,"268":0,"269":0,"270":0,"272":0,"273":0,"274":0,"277":0,"278":0,"279":0,"280":0,"282":0,"284":0,"287":0,"288":0,"289":0,"290":0,"293":0,"294":0,"295":0,"296":0,"306":0,"307":0,"308":0,"310":0,"311":0,"313":0,"317":0,"318":0,"319":0,"320":0,"321":0,"322":0,"329":0,"330":0,"339":0,"340":0,"348":0,"349":0,"350":0,"351":0,"352":0,"360":0,"361":0,"362":0,"363":0,"364":0,"372":0,"374":0,"375":0,"376":0,"378":0,"379":0,"380":0,"381":0,"382":0,"383":0,"384":0,"385":0,"386":0,"388":0,"389":0,"397":0,"399":0,"400":0,"401":0,"402":0,"403":0,"405":0,"406":0,"407":0,"408":0,"409":0,"410":0,"411":0,"412":0,"413":0,"414":0,"415":0,"416":0,"435":0,"436":0,"437":0,"439":0,"440":0,"442":0,"444":0,"451":0,"453":0,"461":0,"463":0,"464":0,"466":0,"473":0,"474":0,"475":0,"477":0,"479":0,"480":0,"482":0,"497":0,"498":0,"499":0,"501":0,"502":0,"504":0,"506":0,"513":0,"515":0,"523":0,"525":0,"526":0,"528":0,"535":0,"536":0,"537":0,"539":0,"541":0,"542":0,"544":0,"555":0,"556":0,"557":0,"559":0,"561":0,"570":0,"572":0,"574":0,"576":0,"577":0,"578":0,"580":0,"589":0,"590":0,"592":0,"594":0,"603":0,"604":0,"606":0,"608":0,"610":0,"612":0,"613":0,"614":0,"616":0,"625":0,"626":0,"628":0,"630":0,"639":0,"641":0,"643":0,"645":0,"647":0,"649":0,"650":0,"651":0,"652":0,"654":0,"663":0,"664":0,"665":0,"667":0,"669":0,"678":0,"679":0,"681":0,"683":0,"685":0,"687":0,"688":0,"689":0,"690":0,"692":0,"703":0,"704":0,"710":0,"711":0,"717":0,"723":0,"729":0,"735":0},"path":"/Users/fabianscherer/Documents/GitHub/Privat/curve-vote-app/contracts/balancer/BPool.sol","s":{"1":0,"2":0,"3":0,"4":0,"5":0,"6":0,"7":0,"8":0,"9":0,"10":0,"11":0,"12":0,"13":0,"14":0,"15":0,"16":0,"17":0,"18":0,"19":0,"20":0,"21":0,"22":0,"23":0,"24":0,"25":0,"26":0,"27":0,"28":0,"29":0,"30":0,"31":0,"32":0,"33":0,"34":0,"35":0,"36":0,"37":0,"38":0,"39":0,"40":0,"41":0,"42":0,"43":0,"44":0,"45":0,"46":0,"47":0,"48":0,"49":0,"50":0,"51":0,"52":0,"53":0,"54":0,"55":0,"56":0,"57":0,"58":0,"59":0,"60":0,"61":0,"62":0,"63":0,"64":0,"65":0,"66":0,"67":0,"68":0,"69":0,"70":0,"71":0,"72":0,"73":0,"74":0,"75":0,"76":0,"77":0,"78":0,"79":0,"80":0,"81":0,"82":0,"83":0,"84":0,"85":0,"86":0,"87":0,"88":0,"89":0,"90":0,"91":0,"92":0,"93":0,"94":0,"95":0,"96":0,"97":0,"98":0,"99":0,"100":0,"101":0,"102":0,"103":0,"104":0,"105":0,"106":0,"107":0,"108":0,"109":0,"110":0,"111":0,"112":0,"113":0,"114":0,"115":0,"116":0,"117":0,"118":0,"119":0,"120":0,"121":0,"122":0,"123":0,"124":0,"125":0,"126":0,"127":0,"128":0,"129":0,"130":0,"131":0,"132":0,"133":0,"134":0,"135":0,"136":0,"137":0,"138":0,"139":0,"140":0,"141":0,"142":0,"143":0,"144":0,"145":0,"146":0,"147":0,"148":0,"149":0,"150":0,"151":0,"152":0,"153":0,"154":0,"155":0,"156":0,"157":0,"158":0,"159":0,"160":0,"161":0,"162":0,"163":0,"164":0,"165":0,"166":0,"167":0,"168":0,"169":0,"170":0,"171":0,"172":0,"173":0,"174":0,"175":0,"176":0,"177":0,"178":0,"179":0,"180":0,"181":0,"182":0,"183":0,"184":0,"185":0,"186":0,"187":0,"188":0,"189":0,"190":0,"191":0,"192":0,"193":0,"194":0,"195":0,"196":0,"197":0,"198":0,"199":0,"200":0,"201":0,"202":0,"203":0,"204":0,"205":0,"206":0,"207":0,"208":0,"209":0,"210":0,"211":0,"212":0,"213":0,"214":0,"215":0,"216":0,"217":0,"218":0,"219":0,"220":0,"221":0,"222":0,"223":0,"224":0,"225":0,"226":0,"227":0,"228":0,"229":0,"230":0,"231":0,"232":0,"233":0,"234":0},"b":{"1":[0,0],"2":[0,0],"3":[0,0],"4":[0,0],"5":[0,0],"6":[0,0],"7":[0,0],"8":[0,0],"9":[0,0],"10":[0,0],"11":[0,0],"12":[0,0],"13":[0,0],"14":[0,0],"15":[0,0],"16":[0,0],"17":[0,0],"18":[0,0],"19":[0,0],"20":[0,0],"21":[0,0],"22":[0,0],"23":[0,0],"24":[0,0],"25":[0,0],"26":[0,0],"27":[0,0],"28":[0,0],"29":[0,0],"30":[0,0],"31":[0,0],"32":[0,0],"33":[0,0],"34":[0,0],"35":[0,0],"36":[0,0],"37":[0,0],"38":[0,0],"39":[0,0],"40":[0,0],"41":[0,0],"42":[0,0],"43":[0,0],"44":[0,0],"45":[0,0],"46":[0,0],"47":[0,0],"48":[0,0],"49":[0,0],"50":[0,0],"51":[0,0],"52":[0,0],"53":[0,0],"54":[0,0],"55":[0,0],"56":[0,0],"57":[0,0],"58":[0,0],"59":[0,0],"60":[0,0],"61":[0,0],"62":[0,0],"63":[0,0],"64":[0,0],"65":[0,0],"66":[0,0],"67":[0,0],"68":[0,0],"69":[0,0],"70":[0,0],"71":[0,0],"72":[0,0],"73":[0,0],"74":[0,0],"75":[0,0],"76":[0,0],"77":[0,0],"78":[0,0],"79":[0,0],"80":[0,0],"81":[0,0],"82":[0,0],"83":[0,0],"84":[0,0],"85":[0,0]},"f":{"1":0,"2":0,"3":0,"4":0,"5":0,"6":0,"7":0,"8":0,"9":0,"10":0,"11":0,"12":0,"13":0,"14":0,"15":0,"16":0,"17":0,"18":0,"19":0,"20":0,"21":0,"22":0,"23":0,"24":0,"25":0,"26":0,"27":0,"28":0,"29":0,"30":0,"31":0,"32":0,"33":0,"34":0,"35":0,"36":0,"37":0,"38":0,"39":0,"40":0},"fnMap":{"1":{"name":"_logs_","line":54,"loc":{"start":{"line":54,"column":4},"end":{"line":57,"column":4}}},"2":{"name":"_lock_","line":59,"loc":{"start":{"line":59,"column":4},"end":{"line":64,"column":4}}},"3":{"name":"_viewlock_","line":66,"loc":{"start":{"line":66,"column":4},"end":{"line":69,"column":4}}},"4":{"name":"constructor","line":86,"loc":{"start":{"line":86,"column":4},"end":{"line":92,"column":4}}},"5":{"name":"isPublicSwap","line":94,"loc":{"start":{"line":94,"column":4},"end":{"line":99,"column":4}}},"6":{"name":"isFinalized","line":101,"loc":{"start":{"line":101,"column":4},"end":{"line":106,"column":4}}},"7":{"name":"isBound","line":108,"loc":{"start":{"line":108,"column":4},"end":{"line":113,"column":4}}},"8":{"name":"getNumTokens","line":115,"loc":{"start":{"line":115,"column":4},"end":{"line":120,"column":4}}},"9":{"name":"getCurrentTokens","line":123,"loc":{"start":{"line":122,"column":4},"end":{"line":127,"column":4}}},"10":{"name":"getFinalTokens","line":131,"loc":{"start":{"line":129,"column":4},"end":{"line":136,"column":4}}},"11":{"name":"getDenormalizedWeight","line":140,"loc":{"start":{"line":138,"column":4},"end":{"line":146,"column":4}}},"12":{"name":"getTotalDenormalizedWeight","line":150,"loc":{"start":{"line":148,"column":4},"end":{"line":154,"column":4}}},"13":{"name":"getNormalizedWeight","line":158,"loc":{"start":{"line":156,"column":4},"end":{"line":165,"column":4}}},"14":{"name":"getBalance","line":169,"loc":{"start":{"line":167,"column":4},"end":{"line":175,"column":4}}},"15":{"name":"getSwapFee","line":179,"loc":{"start":{"line":177,"column":4},"end":{"line":183,"column":4}}},"16":{"name":"getController","line":187,"loc":{"start":{"line":185,"column":4},"end":{"line":191,"column":4}}},"17":{"name":"setSwapFee","line":196,"loc":{"start":{"line":193,"column":4},"end":{"line":203,"column":4}}},"18":{"name":"setController","line":208,"loc":{"start":{"line":205,"column":4},"end":{"line":212,"column":4}}},"19":{"name":"setPublicSwap","line":217,"loc":{"start":{"line":214,"column":4},"end":{"line":222,"column":4}}},"20":{"name":"finalize","line":227,"loc":{"start":{"line":224,"column":4},"end":{"line":238,"column":4}}},"21":{"name":"bind","line":243,"loc":{"start":{"line":241,"column":4},"end":{"line":260,"column":4}}},"22":{"name":"rebind","line":265,"loc":{"start":{"line":262,"column":4},"end":{"line":298,"column":4}}},"23":{"name":"unbind","line":303,"loc":{"start":{"line":300,"column":4},"end":{"line":331,"column":4}}},"24":{"name":"gulp","line":337,"loc":{"start":{"line":334,"column":4},"end":{"line":341,"column":4}}},"25":{"name":"getSpotPrice","line":345,"loc":{"start":{"line":343,"column":4},"end":{"line":353,"column":4}}},"26":{"name":"getSpotPriceSansFee","line":357,"loc":{"start":{"line":355,"column":4},"end":{"line":365,"column":4}}},"27":{"name":"joinPool","line":370,"loc":{"start":{"line":367,"column":4},"end":{"line":390,"column":4}}},"28":{"name":"exitPool","line":395,"loc":{"start":{"line":392,"column":4},"end":{"line":419,"column":4}}},"29":{"name":"swapExactAmountIn","line":431,"loc":{"start":{"line":422,"column":4},"end":{"line":483,"column":4}}},"30":{"name":"swapExactAmountOut","line":494,"loc":{"start":{"line":485,"column":4},"end":{"line":545,"column":4}}},"31":{"name":"joinswapExternAmountIn","line":551,"loc":{"start":{"line":548,"column":4},"end":{"line":581,"column":4}}},"32":{"name":"joinswapPoolAmountOut","line":586,"loc":{"start":{"line":583,"column":4},"end":{"line":617,"column":4}}},"33":{"name":"exitswapPoolAmountIn","line":622,"loc":{"start":{"line":619,"column":4},"end":{"line":655,"column":4}}},"34":{"name":"exitswapExternAmountOut","line":660,"loc":{"start":{"line":657,"column":4},"end":{"line":693,"column":4}}},"35":{"name":"_pullUnderlying","line":700,"loc":{"start":{"line":700,"column":4},"end":{"line":705,"column":4}}},"36":{"name":"_pushUnderlying","line":707,"loc":{"start":{"line":707,"column":4},"end":{"line":712,"column":4}}},"37":{"name":"_pullPoolShare","line":714,"loc":{"start":{"line":714,"column":4},"end":{"line":718,"column":4}}},"38":{"name":"_pushPoolShare","line":720,"loc":{"start":{"line":720,"column":4},"end":{"line":724,"column":4}}},"39":{"name":"_mintPoolShare","line":726,"loc":{"start":{"line":726,"column":4},"end":{"line":730,"column":4}}},"40":{"name":"_burnPoolShare","line":732,"loc":{"start":{"line":732,"column":4},"end":{"line":736,"column":4}}}},"statementMap":{"1":{"start":{"line":55,"column":8},"end":{"line":55,"column":52}},"2":{"start":{"line":60,"column":8},"end":{"line":60,"column":38}},"3":{"start":{"line":61,"column":8},"end":{"line":61,"column":20}},"4":{"start":{"line":63,"column":8},"end":{"line":63,"column":21}},"5":{"start":{"line":67,"column":8},"end":{"line":67,"column":38}},"6":{"start":{"line":87,"column":8},"end":{"line":87,"column":31}},"7":{"start":{"line":88,"column":8},"end":{"line":88,"column":28}},"8":{"start":{"line":89,"column":8},"end":{"line":89,"column":25}},"9":{"start":{"line":90,"column":8},"end":{"line":90,"column":26}},"10":{"start":{"line":91,"column":8},"end":{"line":91,"column":25}},"11":{"start":{"line":98,"column":8},"end":{"line":98,"column":26}},"12":{"start":{"line":105,"column":8},"end":{"line":105,"column":25}},"13":{"start":{"line":112,"column":8},"end":{"line":112,"column":32}},"14":{"start":{"line":119,"column":8},"end":{"line":119,"column":29}},"15":{"start":{"line":126,"column":8},"end":{"line":126,"column":22}},"16":{"start":{"line":134,"column":8},"end":{"line":134,"column":47}},"17":{"start":{"line":135,"column":8},"end":{"line":135,"column":22}},"18":{"start":{"line":144,"column":8},"end":{"line":144,"column":54}},"19":{"start":{"line":145,"column":8},"end":{"line":145,"column":37}},"20":{"start":{"line":153,"column":8},"end":{"line":153,"column":27}},"21":{"start":{"line":162,"column":8},"end":{"line":162,"column":54}},"22":{"start":{"line":163,"column":8},"end":{"line":163,"column":44}},"23":{"start":{"line":164,"column":8},"end":{"line":164,"column":41}},"24":{"start":{"line":173,"column":8},"end":{"line":173,"column":54}},"25":{"start":{"line":174,"column":8},"end":{"line":174,"column":38}},"26":{"start":{"line":182,"column":8},"end":{"line":182,"column":23}},"27":{"start":{"line":190,"column":8},"end":{"line":190,"column":26}},"28":{"start":{"line":198,"column":8},"end":{"line":198,"column":47}},"29":{"start":{"line":199,"column":8},"end":{"line":199,"column":63}},"30":{"start":{"line":200,"column":8},"end":{"line":200,"column":49}},"31":{"start":{"line":201,"column":8},"end":{"line":201,"column":49}},"32":{"start":{"line":202,"column":8},"end":{"line":202,"column":25}},"33":{"start":{"line":210,"column":8},"end":{"line":210,"column":63}},"34":{"start":{"line":211,"column":8},"end":{"line":211,"column":28}},"35":{"start":{"line":219,"column":8},"end":{"line":219,"column":47}},"36":{"start":{"line":220,"column":8},"end":{"line":220,"column":63}},"37":{"start":{"line":221,"column":8},"end":{"line":221,"column":28}},"38":{"start":{"line":229,"column":8},"end":{"line":229,"column":63}},"39":{"start":{"line":230,"column":8},"end":{"line":230,"column":47}},"40":{"start":{"line":231,"column":8},"end":{"line":231,"column":68}},"41":{"start":{"line":233,"column":8},"end":{"line":233,"column":24}},"42":{"start":{"line":234,"column":8},"end":{"line":234,"column":25}},"43":{"start":{"line":236,"column":8},"end":{"line":236,"column":39}},"44":{"start":{"line":237,"column":8},"end":{"line":237,"column":51}},"45":{"start":{"line":246,"column":8},"end":{"line":246,"column":63}},"46":{"start":{"line":247,"column":8},"end":{"line":247,"column":54}},"47":{"start":{"line":248,"column":8},"end":{"line":248,"column":47}},"48":{"start":{"line":250,"column":8},"end":{"line":250,"column":67}},"49":{"start":{"line":252,"column":8},"end":{"line":252,"column":6132}},"50":{"start":{"line":258,"column":8},"end":{"line":258,"column":26}},"51":{"start":{"line":259,"column":8},"end":{"line":259,"column":37}},"52":{"start":{"line":268,"column":8},"end":{"line":268,"column":63}},"53":{"start":{"line":269,"column":8},"end":{"line":269,"column":54}},"54":{"start":{"line":270,"column":8},"end":{"line":270,"column":47}},"55":{"start":{"line":272,"column":8},"end":{"line":272,"column":54}},"56":{"start":{"line":273,"column":8},"end":{"line":273,"column":54}},"57":{"start":{"line":274,"column":8},"end":{"line":274,"column":57}},"58":{"start":{"line":277,"column":8},"end":{"line":277,"column":47}},"59":{"start":{"line":278,"column":8},"end":{"line":278,"column":6985}},"60":{"start":{"line":279,"column":12},"end":{"line":279,"column":69}},"61":{"start":{"line":280,"column":12},"end":{"line":280,"column":76}},"62":{"start":{"line":281,"column":15},"end":{"line":281,"column":7177}},"63":{"start":{"line":282,"column":12},"end":{"line":282,"column":69}},"64":{"start":{"line":284,"column":8},"end":{"line":284,"column":38}},"65":{"start":{"line":287,"column":8},"end":{"line":287,"column":49}},"66":{"start":{"line":288,"column":8},"end":{"line":288,"column":40}},"67":{"start":{"line":289,"column":8},"end":{"line":289,"column":7499}},"68":{"start":{"line":290,"column":12},"end":{"line":290,"column":72}},"69":{"start":{"line":291,"column":15},"end":{"line":291,"column":7617}},"70":{"start":{"line":293,"column":12},"end":{"line":293,"column":66}},"71":{"start":{"line":294,"column":12},"end":{"line":294,"column":69}},"72":{"start":{"line":295,"column":12},"end":{"line":295,"column":88}},"73":{"start":{"line":296,"column":12},"end":{"line":296,"column":57}},"74":{"start":{"line":306,"column":8},"end":{"line":306,"column":63}},"75":{"start":{"line":307,"column":8},"end":{"line":307,"column":54}},"76":{"start":{"line":308,"column":8},"end":{"line":308,"column":47}},"77":{"start":{"line":310,"column":8},"end":{"line":310,"column":51}},"78":{"start":{"line":311,"column":8},"end":{"line":311,"column":56}},"79":{"start":{"line":313,"column":8},"end":{"line":313,"column":64}},"80":{"start":{"line":317,"column":8},"end":{"line":317,"column":42}},"81":{"start":{"line":318,"column":8},"end":{"line":318,"column":38}},"82":{"start":{"line":319,"column":8},"end":{"line":319,"column":37}},"83":{"start":{"line":320,"column":8},"end":{"line":320,"column":45}},"84":{"start":{"line":321,"column":8},"end":{"line":321,"column":20}},"85":{"start":{"line":322,"column":8},"end":{"line":322,"column":8771}},"86":{"start":{"line":329,"column":8},"end":{"line":329,"column":75}},"87":{"start":{"line":330,"column":8},"end":{"line":330,"column":53}},"88":{"start":{"line":339,"column":8},"end":{"line":339,"column":54}},"89":{"start":{"line":340,"column":8},"end":{"line":340,"column":71}},"90":{"start":{"line":348,"column":8},"end":{"line":348,"column":56}},"91":{"start":{"line":349,"column":8},"end":{"line":349,"column":57}},"92":{"start":{"line":350,"column":8},"end":{"line":350,"column":51}},"93":{"start":{"line":351,"column":8},"end":{"line":351,"column":53}},"94":{"start":{"line":352,"column":8},"end":{"line":352,"column":110}},"95":{"start":{"line":360,"column":8},"end":{"line":360,"column":56}},"96":{"start":{"line":361,"column":8},"end":{"line":361,"column":57}},"97":{"start":{"line":362,"column":8},"end":{"line":362,"column":51}},"98":{"start":{"line":363,"column":8},"end":{"line":363,"column":53}},"99":{"start":{"line":364,"column":8},"end":{"line":364,"column":103}},"100":{"start":{"line":372,"column":8},"end":{"line":372,"column":47}},"101":{"start":{"line":374,"column":8},"end":{"line":374,"column":38}},"102":{"start":{"line":375,"column":8},"end":{"line":375,"column":51}},"103":{"start":{"line":376,"column":8},"end":{"line":376,"column":45}},"104":{"start":{"line":378,"column":8},"end":{"line":378,"column":10645}},"105":{"start":{"line":379,"column":12},"end":{"line":379,"column":34}},"106":{"start":{"line":380,"column":12},"end":{"line":380,"column":42}},"107":{"start":{"line":381,"column":12},"end":{"line":381,"column":49}},"108":{"start":{"line":382,"column":12},"end":{"line":382,"column":57}},"109":{"start":{"line":383,"column":12},"end":{"line":383,"column":68}},"110":{"start":{"line":384,"column":12},"end":{"line":384,"column":73}},"111":{"start":{"line":385,"column":12},"end":{"line":385,"column":55}},"112":{"start":{"line":386,"column":12},"end":{"line":386,"column":56}},"113":{"start":{"line":388,"column":8},"end":{"line":388,"column":36}},"114":{"start":{"line":389,"column":8},"end":{"line":389,"column":48}},"115":{"start":{"line":397,"column":8},"end":{"line":397,"column":47}},"116":{"start":{"line":399,"column":8},"end":{"line":399,"column":38}},"117":{"start":{"line":400,"column":8},"end":{"line":400,"column":51}},"118":{"start":{"line":401,"column":8},"end":{"line":401,"column":58}},"119":{"start":{"line":402,"column":8},"end":{"line":402,"column":53}},"120":{"start":{"line":403,"column":8},"end":{"line":403,"column":45}},"121":{"start":{"line":405,"column":8},"end":{"line":405,"column":47}},"122":{"start":{"line":406,"column":8},"end":{"line":406,"column":40}},"123":{"start":{"line":407,"column":8},"end":{"line":407,"column":38}},"124":{"start":{"line":408,"column":8},"end":{"line":408,"column":11825}},"125":{"start":{"line":409,"column":12},"end":{"line":409,"column":34}},"126":{"start":{"line":410,"column":12},"end":{"line":410,"column":42}},"127":{"start":{"line":411,"column":12},"end":{"line":411,"column":50}},"128":{"start":{"line":412,"column":12},"end":{"line":412,"column":58}},"129":{"start":{"line":413,"column":12},"end":{"line":413,"column":71}},"130":{"start":{"line":414,"column":12},"end":{"line":414,"column":74}},"131":{"start":{"line":415,"column":12},"end":{"line":415,"column":56}},"132":{"start":{"line":416,"column":12},"end":{"line":416,"column":57}},"133":{"start":{"line":435,"column":8},"end":{"line":435,"column":56}},"134":{"start":{"line":436,"column":8},"end":{"line":436,"column":57}},"135":{"start":{"line":437,"column":8},"end":{"line":437,"column":50}},"136":{"start":{"line":439,"column":8},"end":{"line":439,"column":60}},"137":{"start":{"line":440,"column":8},"end":{"line":440,"column":62}},"138":{"start":{"line":442,"column":8},"end":{"line":442,"column":89}},"139":{"start":{"line":444,"column":8},"end":{"line":444,"column":13055}},"140":{"start":{"line":451,"column":8},"end":{"line":451,"column":66}},"141":{"start":{"line":453,"column":8},"end":{"line":453,"column":13458}},"142":{"start":{"line":461,"column":8},"end":{"line":461,"column":63}},"143":{"start":{"line":463,"column":8},"end":{"line":463,"column":63}},"144":{"start":{"line":464,"column":8},"end":{"line":464,"column":66}},"145":{"start":{"line":466,"column":8},"end":{"line":466,"column":13997}},"146":{"start":{"line":473,"column":8},"end":{"line":473,"column":68}},"147":{"start":{"line":474,"column":8},"end":{"line":474,"column":61}},"148":{"start":{"line":475,"column":8},"end":{"line":475,"column":89}},"149":{"start":{"line":477,"column":8},"end":{"line":477,"column":83}},"150":{"start":{"line":479,"column":8},"end":{"line":479,"column":58}},"151":{"start":{"line":480,"column":8},"end":{"line":480,"column":60}},"152":{"start":{"line":482,"column":8},"end":{"line":482,"column":47}},"153":{"start":{"line":497,"column":8},"end":{"line":497,"column":56}},"154":{"start":{"line":498,"column":8},"end":{"line":498,"column":57}},"155":{"start":{"line":499,"column":8},"end":{"line":499,"column":50}},"156":{"start":{"line":501,"column":8},"end":{"line":501,"column":60}},"157":{"start":{"line":502,"column":8},"end":{"line":502,"column":62}},"158":{"start":{"line":504,"column":8},"end":{"line":504,"column":93}},"159":{"start":{"line":506,"column":8},"end":{"line":506,"column":15490}},"160":{"start":{"line":513,"column":8},"end":{"line":513,"column":66}},"161":{"start":{"line":515,"column":8},"end":{"line":515,"column":15893}},"162":{"start":{"line":523,"column":8},"end":{"line":523,"column":60}},"163":{"start":{"line":525,"column":8},"end":{"line":525,"column":63}},"164":{"start":{"line":526,"column":8},"end":{"line":526,"column":66}},"165":{"start":{"line":528,"column":8},"end":{"line":528,"column":16429}},"166":{"start":{"line":535,"column":8},"end":{"line":535,"column":68}},"167":{"start":{"line":536,"column":8},"end":{"line":536,"column":61}},"168":{"start":{"line":537,"column":8},"end":{"line":537,"column":89}},"169":{"start":{"line":539,"column":8},"end":{"line":539,"column":83}},"170":{"start":{"line":541,"column":8},"end":{"line":541,"column":58}},"171":{"start":{"line":542,"column":8},"end":{"line":542,"column":60}},"172":{"start":{"line":544,"column":8},"end":{"line":544,"column":46}},"173":{"start":{"line":555,"column":8},"end":{"line":555,"column":47}},"174":{"start":{"line":556,"column":8},"end":{"line":556,"column":56}},"175":{"start":{"line":557,"column":8},"end":{"line":557,"column":98}},"176":{"start":{"line":559,"column":8},"end":{"line":559,"column":51}},"177":{"start":{"line":561,"column":8},"end":{"line":561,"column":17692}},"178":{"start":{"line":570,"column":8},"end":{"line":570,"column":66}},"179":{"start":{"line":572,"column":8},"end":{"line":572,"column":63}},"180":{"start":{"line":574,"column":8},"end":{"line":574,"column":57}},"181":{"start":{"line":576,"column":8},"end":{"line":576,"column":36}},"182":{"start":{"line":577,"column":8},"end":{"line":577,"column":48}},"183":{"start":{"line":578,"column":8},"end":{"line":578,"column":58}},"184":{"start":{"line":580,"column":8},"end":{"line":580,"column":28}},"185":{"start":{"line":589,"column":8},"end":{"line":589,"column":47}},"186":{"start":{"line":590,"column":8},"end":{"line":590,"column":56}},"187":{"start":{"line":592,"column":8},"end":{"line":592,"column":51}},"188":{"start":{"line":594,"column":8},"end":{"line":594,"column":18755}},"189":{"start":{"line":603,"column":8},"end":{"line":603,"column":53}},"190":{"start":{"line":604,"column":8},"end":{"line":604,"column":60}},"191":{"start":{"line":606,"column":8},"end":{"line":606,"column":98}},"192":{"start":{"line":608,"column":8},"end":{"line":608,"column":63}},"193":{"start":{"line":610,"column":8},"end":{"line":610,"column":57}},"194":{"start":{"line":612,"column":8},"end":{"line":612,"column":36}},"195":{"start":{"line":613,"column":8},"end":{"line":613,"column":48}},"196":{"start":{"line":614,"column":8},"end":{"line":614,"column":58}},"197":{"start":{"line":616,"column":8},"end":{"line":616,"column":28}},"198":{"start":{"line":625,"column":8},"end":{"line":625,"column":47}},"199":{"start":{"line":626,"column":8},"end":{"line":626,"column":57}},"200":{"start":{"line":628,"column":8},"end":{"line":628,"column":53}},"201":{"start":{"line":630,"column":8},"end":{"line":630,"column":19982}},"202":{"start":{"line":639,"column":8},"end":{"line":639,"column":63}},"203":{"start":{"line":641,"column":8},"end":{"line":641,"column":102}},"204":{"start":{"line":643,"column":8},"end":{"line":643,"column":66}},"205":{"start":{"line":645,"column":8},"end":{"line":645,"column":51}},"206":{"start":{"line":647,"column":8},"end":{"line":647,"column":59}},"207":{"start":{"line":649,"column":8},"end":{"line":649,"column":47}},"208":{"start":{"line":650,"column":8},"end":{"line":650,"column":50}},"209":{"start":{"line":651,"column":8},"end":{"line":651,"column":40}},"210":{"start":{"line":652,"column":8},"end":{"line":652,"column":60}},"211":{"start":{"line":654,"column":8},"end":{"line":654,"column":29}},"212":{"start":{"line":663,"column":8},"end":{"line":663,"column":47}},"213":{"start":{"line":664,"column":8},"end":{"line":664,"column":57}},"214":{"start":{"line":665,"column":8},"end":{"line":665,"column":102}},"215":{"start":{"line":667,"column":8},"end":{"line":667,"column":53}},"216":{"start":{"line":669,"column":8},"end":{"line":669,"column":21391}},"217":{"start":{"line":678,"column":8},"end":{"line":678,"column":52}},"218":{"start":{"line":679,"column":8},"end":{"line":679,"column":63}},"219":{"start":{"line":681,"column":8},"end":{"line":681,"column":66}},"220":{"start":{"line":683,"column":8},"end":{"line":683,"column":51}},"221":{"start":{"line":685,"column":8},"end":{"line":685,"column":59}},"222":{"start":{"line":687,"column":8},"end":{"line":687,"column":47}},"223":{"start":{"line":688,"column":8},"end":{"line":688,"column":50}},"224":{"start":{"line":689,"column":8},"end":{"line":689,"column":40}},"225":{"start":{"line":690,"column":8},"end":{"line":690,"column":60}},"226":{"start":{"line":692,"column":8},"end":{"line":692,"column":27}},"227":{"start":{"line":703,"column":8},"end":{"line":703,"column":75}},"228":{"start":{"line":704,"column":8},"end":{"line":704,"column":39}},"229":{"start":{"line":710,"column":8},"end":{"line":710,"column":54}},"230":{"start":{"line":711,"column":8},"end":{"line":711,"column":39}},"231":{"start":{"line":717,"column":8},"end":{"line":717,"column":26}},"232":{"start":{"line":723,"column":8},"end":{"line":723,"column":24}},"233":{"start":{"line":729,"column":8},"end":{"line":729,"column":20}},"234":{"start":{"line":735,"column":8},"end":{"line":735,"column":20}}},"branchMap":{"1":{"line":60,"type":"if","locations":[{"start":{"line":60,"column":8},"end":{"line":60,"column":8}},{"start":{"line":60,"column":8},"end":{"line":60,"column":8}}]},"2":{"line":67,"type":"if","locations":[{"start":{"line":67,"column":8},"end":{"line":67,"column":8}},{"start":{"line":67,"column":8},"end":{"line":67,"column":8}}]},"3":{"line":134,"type":"if","locations":[{"start":{"line":134,"column":8},"end":{"line":134,"column":8}},{"start":{"line":134,"column":8},"end":{"line":134,"column":8}}]},"4":{"line":144,"type":"if","locations":[{"start":{"line":144,"column":8},"end":{"line":144,"column":8}},{"start":{"line":144,"column":8},"end":{"line":144,"column":8}}]},"5":{"line":162,"type":"if","locations":[{"start":{"line":162,"column":8},"end":{"line":162,"column":8}},{"start":{"line":162,"column":8},"end":{"line":162,"column":8}}]},"6":{"line":173,"type":"if","locations":[{"start":{"line":173,"column":8},"end":{"line":173,"column":8}},{"start":{"line":173,"column":8},"end":{"line":173,"column":8}}]},"7":{"line":198,"type":"if","locations":[{"start":{"line":198,"column":8},"end":{"line":198,"column":8}},{"start":{"line":198,"column":8},"end":{"line":198,"column":8}}]},"8":{"line":199,"type":"if","locations":[{"start":{"line":199,"column":8},"end":{"line":199,"column":8}},{"start":{"line":199,"column":8},"end":{"line":199,"column":8}}]},"9":{"line":200,"type":"if","locations":[{"start":{"line":200,"column":8},"end":{"line":200,"column":8}},{"start":{"line":200,"column":8},"end":{"line":200,"column":8}}]},"10":{"line":201,"type":"if","locations":[{"start":{"line":201,"column":8},"end":{"line":201,"column":8}},{"start":{"line":201,"column":8},"end":{"line":201,"column":8}}]},"11":{"line":210,"type":"if","locations":[{"start":{"line":210,"column":8},"end":{"line":210,"column":8}},{"start":{"line":210,"column":8},"end":{"line":210,"column":8}}]},"12":{"line":219,"type":"if","locations":[{"start":{"line":219,"column":8},"end":{"line":219,"column":8}},{"start":{"line":219,"column":8},"end":{"line":219,"column":8}}]},"13":{"line":220,"type":"if","locations":[{"start":{"line":220,"column":8},"end":{"line":220,"column":8}},{"start":{"line":220,"column":8},"end":{"line":220,"column":8}}]},"14":{"line":229,"type":"if","locations":[{"start":{"line":229,"column":8},"end":{"line":229,"column":8}},{"start":{"line":229,"column":8},"end":{"line":229,"column":8}}]},"15":{"line":230,"type":"if","locations":[{"start":{"line":230,"column":8},"end":{"line":230,"column":8}},{"start":{"line":230,"column":8},"end":{"line":230,"column":8}}]},"16":{"line":231,"type":"if","locations":[{"start":{"line":231,"column":8},"end":{"line":231,"column":8}},{"start":{"line":231,"column":8},"end":{"line":231,"column":8}}]},"17":{"line":246,"type":"if","locations":[{"start":{"line":246,"column":8},"end":{"line":246,"column":8}},{"start":{"line":246,"column":8},"end":{"line":246,"column":8}}]},"18":{"line":247,"type":"if","locations":[{"start":{"line":247,"column":8},"end":{"line":247,"column":8}},{"start":{"line":247,"column":8},"end":{"line":247,"column":8}}]},"19":{"line":248,"type":"if","locations":[{"start":{"line":248,"column":8},"end":{"line":248,"column":8}},{"start":{"line":248,"column":8},"end":{"line":248,"column":8}}]},"20":{"line":250,"type":"if","locations":[{"start":{"line":250,"column":8},"end":{"line":250,"column":8}},{"start":{"line":250,"column":8},"end":{"line":250,"column":8}}]},"21":{"line":268,"type":"if","locations":[{"start":{"line":268,"column":8},"end":{"line":268,"column":8}},{"start":{"line":268,"column":8},"end":{"line":268,"column":8}}]},"22":{"line":269,"type":"if","locations":[{"start":{"line":269,"column":8},"end":{"line":269,"column":8}},{"start":{"line":269,"column":8},"end":{"line":269,"column":8}}]},"23":{"line":270,"type":"if","locations":[{"start":{"line":270,"column":8},"end":{"line":270,"column":8}},{"start":{"line":270,"column":8},"end":{"line":270,"column":8}}]},"24":{"line":272,"type":"if","locations":[{"start":{"line":272,"column":8},"end":{"line":272,"column":8}},{"start":{"line":272,"column":8},"end":{"line":272,"column":8}}]},"25":{"line":273,"type":"if","locations":[{"start":{"line":273,"column":8},"end":{"line":273,"column":8}},{"start":{"line":273,"column":8},"end":{"line":273,"column":8}}]},"26":{"line":274,"type":"if","locations":[{"start":{"line":274,"column":8},"end":{"line":274,"column":8}},{"start":{"line":274,"column":8},"end":{"line":274,"column":8}}]},"27":{"line":278,"type":"if","locations":[{"start":{"line":278,"column":8},"end":{"line":278,"column":8}},{"start":{"line":278,"column":8},"end":{"line":278,"column":8}}]},"28":{"line":280,"type":"if","locations":[{"start":{"line":280,"column":12},"end":{"line":280,"column":12}},{"start":{"line":280,"column":12},"end":{"line":280,"column":12}}]},"29":{"line":281,"type":"if","locations":[{"start":{"line":281,"column":15},"end":{"line":281,"column":15}},{"start":{"line":281,"column":15},"end":{"line":281,"column":15}}]},"30":{"line":289,"type":"if","locations":[{"start":{"line":289,"column":8},"end":{"line":289,"column":8}},{"start":{"line":289,"column":8},"end":{"line":289,"column":8}}]},"31":{"line":291,"type":"if","locations":[{"start":{"line":291,"column":15},"end":{"line":291,"column":15}},{"start":{"line":291,"column":15},"end":{"line":291,"column":15}}]},"32":{"line":306,"type":"if","locations":[{"start":{"line":306,"column":8},"end":{"line":306,"column":8}},{"start":{"line":306,"column":8},"end":{"line":306,"column":8}}]},"33":{"line":307,"type":"if","locations":[{"start":{"line":307,"column":8},"end":{"line":307,"column":8}},{"start":{"line":307,"column":8},"end":{"line":307,"column":8}}]},"34":{"line":308,"type":"if","locations":[{"start":{"line":308,"column":8},"end":{"line":308,"column":8}},{"start":{"line":308,"column":8},"end":{"line":308,"column":8}}]},"35":{"line":339,"type":"if","locations":[{"start":{"line":339,"column":8},"end":{"line":339,"column":8}},{"start":{"line":339,"column":8},"end":{"line":339,"column":8}}]},"36":{"line":348,"type":"if","locations":[{"start":{"line":348,"column":8},"end":{"line":348,"column":8}},{"start":{"line":348,"column":8},"end":{"line":348,"column":8}}]},"37":{"line":349,"type":"if","locations":[{"start":{"line":349,"column":8},"end":{"line":349,"column":8}},{"start":{"line":349,"column":8},"end":{"line":349,"column":8}}]},"38":{"line":360,"type":"if","locations":[{"start":{"line":360,"column":8},"end":{"line":360,"column":8}},{"start":{"line":360,"column":8},"end":{"line":360,"column":8}}]},"39":{"line":361,"type":"if","locations":[{"start":{"line":361,"column":8},"end":{"line":361,"column":8}},{"start":{"line":361,"column":8},"end":{"line":361,"column":8}}]},"40":{"line":372,"type":"if","locations":[{"start":{"line":372,"column":8},"end":{"line":372,"column":8}},{"start":{"line":372,"column":8},"end":{"line":372,"column":8}}]},"41":{"line":376,"type":"if","locations":[{"start":{"line":376,"column":8},"end":{"line":376,"column":8}},{"start":{"line":376,"column":8},"end":{"line":376,"column":8}}]},"42":{"line":382,"type":"if","locations":[{"start":{"line":382,"column":12},"end":{"line":382,"column":12}},{"start":{"line":382,"column":12},"end":{"line":382,"column":12}}]},"43":{"line":383,"type":"if","locations":[{"start":{"line":383,"column":12},"end":{"line":383,"column":12}},{"start":{"line":383,"column":12},"end":{"line":383,"column":12}}]},"44":{"line":397,"type":"if","locations":[{"start":{"line":397,"column":8},"end":{"line":397,"column":8}},{"start":{"line":397,"column":8},"end":{"line":397,"column":8}}]},"45":{"line":403,"type":"if","locations":[{"start":{"line":403,"column":8},"end":{"line":403,"column":8}},{"start":{"line":403,"column":8},"end":{"line":403,"column":8}}]},"46":{"line":412,"type":"if","locations":[{"start":{"line":412,"column":12},"end":{"line":412,"column":12}},{"start":{"line":412,"column":12},"end":{"line":412,"column":12}}]},"47":{"line":413,"type":"if","locations":[{"start":{"line":413,"column":12},"end":{"line":413,"column":12}},{"start":{"line":413,"column":12},"end":{"line":413,"column":12}}]},"48":{"line":435,"type":"if","locations":[{"start":{"line":435,"column":8},"end":{"line":435,"column":8}},{"start":{"line":435,"column":8},"end":{"line":435,"column":8}}]},"49":{"line":436,"type":"if","locations":[{"start":{"line":436,"column":8},"end":{"line":436,"column":8}},{"start":{"line":436,"column":8},"end":{"line":436,"column":8}}]},"50":{"line":437,"type":"if","locations":[{"start":{"line":437,"column":8},"end":{"line":437,"column":8}},{"start":{"line":437,"column":8},"end":{"line":437,"column":8}}]},"51":{"line":442,"type":"if","locations":[{"start":{"line":442,"column":8},"end":{"line":442,"column":8}},{"start":{"line":442,"column":8},"end":{"line":442,"column":8}}]},"52":{"line":451,"type":"if","locations":[{"start":{"line":451,"column":8},"end":{"line":451,"column":8}},{"start":{"line":451,"column":8},"end":{"line":451,"column":8}}]},"53":{"line":461,"type":"if","locations":[{"start":{"line":461,"column":8},"end":{"line":461,"column":8}},{"start":{"line":461,"column":8},"end":{"line":461,"column":8}}]},"54":{"line":473,"type":"if","locations":[{"start":{"line":473,"column":8},"end":{"line":473,"column":8}},{"start":{"line":473,"column":8},"end":{"line":473,"column":8}}]},"55":{"line":474,"type":"if","locations":[{"start":{"line":474,"column":8},"end":{"line":474,"column":8}},{"start":{"line":474,"column":8},"end":{"line":474,"column":8}}]},"56":{"line":475,"type":"if","locations":[{"start":{"line":475,"column":8},"end":{"line":475,"column":8}},{"start":{"line":475,"column":8},"end":{"line":475,"column":8}}]},"57":{"line":497,"type":"if","locations":[{"start":{"line":497,"column":8},"end":{"line":497,"column":8}},{"start":{"line":497,"column":8},"end":{"line":497,"column":8}}]},"58":{"line":498,"type":"if","locations":[{"start":{"line":498,"column":8},"end":{"line":498,"column":8}},{"start":{"line":498,"column":8},"end":{"line":498,"column":8}}]},"59":{"line":499,"type":"if","locations":[{"start":{"line":499,"column":8},"end":{"line":499,"column":8}},{"start":{"line":499,"column":8},"end":{"line":499,"column":8}}]},"60":{"line":504,"type":"if","locations":[{"start":{"line":504,"column":8},"end":{"line":504,"column":8}},{"start":{"line":504,"column":8},"end":{"line":504,"column":8}}]},"61":{"line":513,"type":"if","locations":[{"start":{"line":513,"column":8},"end":{"line":513,"column":8}},{"start":{"line":513,"column":8},"end":{"line":513,"column":8}}]},"62":{"line":523,"type":"if","locations":[{"start":{"line":523,"column":8},"end":{"line":523,"column":8}},{"start":{"line":523,"column":8},"end":{"line":523,"column":8}}]},"63":{"line":535,"type":"if","locations":[{"start":{"line":535,"column":8},"end":{"line":535,"column":8}},{"start":{"line":535,"column":8},"end":{"line":535,"column":8}}]},"64":{"line":536,"type":"if","locations":[{"start":{"line":536,"column":8},"end":{"line":536,"column":8}},{"start":{"line":536,"column":8},"end":{"line":536,"column":8}}]},"65":{"line":537,"type":"if","locations":[{"start":{"line":537,"column":8},"end":{"line":537,"column":8}},{"start":{"line":537,"column":8},"end":{"line":537,"column":8}}]},"66":{"line":555,"type":"if","locations":[{"start":{"line":555,"column":8},"end":{"line":555,"column":8}},{"start":{"line":555,"column":8},"end":{"line":555,"column":8}}]},"67":{"line":556,"type":"if","locations":[{"start":{"line":556,"column":8},"end":{"line":556,"column":8}},{"start":{"line":556,"column":8},"end":{"line":556,"column":8}}]},"68":{"line":557,"type":"if","locations":[{"start":{"line":557,"column":8},"end":{"line":557,"column":8}},{"start":{"line":557,"column":8},"end":{"line":557,"column":8}}]},"69":{"line":570,"type":"if","locations":[{"start":{"line":570,"column":8},"end":{"line":570,"column":8}},{"start":{"line":570,"column":8},"end":{"line":570,"column":8}}]},"70":{"line":589,"type":"if","locations":[{"start":{"line":589,"column":8},"end":{"line":589,"column":8}},{"start":{"line":589,"column":8},"end":{"line":589,"column":8}}]},"71":{"line":590,"type":"if","locations":[{"start":{"line":590,"column":8},"end":{"line":590,"column":8}},{"start":{"line":590,"column":8},"end":{"line":590,"column":8}}]},"72":{"line":603,"type":"if","locations":[{"start":{"line":603,"column":8},"end":{"line":603,"column":8}},{"start":{"line":603,"column":8},"end":{"line":603,"column":8}}]},"73":{"line":604,"type":"if","locations":[{"start":{"line":604,"column":8},"end":{"line":604,"column":8}},{"start":{"line":604,"column":8},"end":{"line":604,"column":8}}]},"74":{"line":606,"type":"if","locations":[{"start":{"line":606,"column":8},"end":{"line":606,"column":8}},{"start":{"line":606,"column":8},"end":{"line":606,"column":8}}]},"75":{"line":625,"type":"if","locations":[{"start":{"line":625,"column":8},"end":{"line":625,"column":8}},{"start":{"line":625,"column":8},"end":{"line":625,"column":8}}]},"76":{"line":626,"type":"if","locations":[{"start":{"line":626,"column":8},"end":{"line":626,"column":8}},{"start":{"line":626,"column":8},"end":{"line":626,"column":8}}]},"77":{"line":639,"type":"if","locations":[{"start":{"line":639,"column":8},"end":{"line":639,"column":8}},{"start":{"line":639,"column":8},"end":{"line":639,"column":8}}]},"78":{"line":641,"type":"if","locations":[{"start":{"line":641,"column":8},"end":{"line":641,"column":8}},{"start":{"line":641,"column":8},"end":{"line":641,"column":8}}]},"79":{"line":663,"type":"if","locations":[{"start":{"line":663,"column":8},"end":{"line":663,"column":8}},{"start":{"line":663,"column":8},"end":{"line":663,"column":8}}]},"80":{"line":664,"type":"if","locations":[{"start":{"line":664,"column":8},"end":{"line":664,"column":8}},{"start":{"line":664,"column":8},"end":{"line":664,"column":8}}]},"81":{"line":665,"type":"if","locations":[{"start":{"line":665,"column":8},"end":{"line":665,"column":8}},{"start":{"line":665,"column":8},"end":{"line":665,"column":8}}]},"82":{"line":678,"type":"if","locations":[{"start":{"line":678,"column":8},"end":{"line":678,"column":8}},{"start":{"line":678,"column":8},"end":{"line":678,"column":8}}]},"83":{"line":679,"type":"if","locations":[{"start":{"line":679,"column":8},"end":{"line":679,"column":8}},{"start":{"line":679,"column":8},"end":{"line":679,"column":8}}]},"84":{"line":704,"type":"if","locations":[{"start":{"line":704,"column":8},"end":{"line":704,"column":8}},{"start":{"line":704,"column":8},"end":{"line":704,"column":8}}]},"85":{"line":711,"type":"if","locations":[{"start":{"line":711,"column":8},"end":{"line":711,"column":8}},{"start":{"line":711,"column":8},"end":{"line":711,"column":8}}]}}},"contracts/balancer/BToken.sol":{"l":{"45":0,"46":0,"47":0,"51":0,"52":0,"53":0,"54":0,"58":0,"59":0,"60":0,"61":0,"65":0,"69":0,"80":0,"84":0,"88":0,"92":0,"96":0,"100":0,"104":0,"105":0,"106":0,"110":0,"111":0,"112":0,"116":0,"117":0,"118":0,"120":0,"122":0,"123":0,"127":0,"128":0,"132":0,"133":0,"134":0,"135":0,"136":0,"138":0},"path":"/Users/fabianscherer/Documents/GitHub/Privat/curve-vote-app/contracts/balancer/BToken.sol","s":{"1":0,"2":0,"3":0,"4":0,"5":0,"6":0,"7":0,"8":0,"9":0,"10":0,"11":0,"12":0,"13":0,"14":0,"15":0,"16":0,"17":0,"18":0,"19":0,"20":0,"21":0,"22":0,"23":0,"24":0,"25":0,"26":0,"27":0,"28":0,"29":0,"30":0,"31":0,"32":0,"33":0,"34":0,"35":0,"36":0,"37":0,"38":0,"39":0},"b":{"1":[0,0],"2":[0,0],"3":[0,0],"4":[0,0],"5":[0,0]},"f":{"1":0,"2":0,"3":0,"4":0,"5":0,"6":0,"7":0,"8":0,"9":0,"10":0,"11":0,"12":0,"13":0,"14":0,"15":0,"16":0},"fnMap":{"1":{"name":"_mint","line":44,"loc":{"start":{"line":44,"column":4},"end":{"line":48,"column":4}}},"2":{"name":"_burn","line":50,"loc":{"start":{"line":50,"column":4},"end":{"line":55,"column":4}}},"3":{"name":"_move","line":57,"loc":{"start":{"line":57,"column":4},"end":{"line":62,"column":4}}},"4":{"name":"_push","line":64,"loc":{"start":{"line":64,"column":4},"end":{"line":66,"column":4}}},"5":{"name":"_pull","line":68,"loc":{"start":{"line":68,"column":4},"end":{"line":70,"column":4}}},"6":{"name":"name","line":79,"loc":{"start":{"line":79,"column":4},"end":{"line":81,"column":4}}},"7":{"name":"symbol","line":83,"loc":{"start":{"line":83,"column":4},"end":{"line":85,"column":4}}},"8":{"name":"decimals","line":87,"loc":{"start":{"line":87,"column":4},"end":{"line":89,"column":4}}},"9":{"name":"allowance","line":91,"loc":{"start":{"line":91,"column":4},"end":{"line":93,"column":4}}},"10":{"name":"balanceOf","line":95,"loc":{"start":{"line":95,"column":4},"end":{"line":97,"column":4}}},"11":{"name":"totalSupply","line":99,"loc":{"start":{"line":99,"column":4},"end":{"line":101,"column":4}}},"12":{"name":"approve","line":103,"loc":{"start":{"line":103,"column":4},"end":{"line":107,"column":4}}},"13":{"name":"increaseApproval","line":109,"loc":{"start":{"line":109,"column":4},"end":{"line":113,"column":4}}},"14":{"name":"decreaseApproval","line":115,"loc":{"start":{"line":115,"column":4},"end":{"line":124,"column":4}}},"15":{"name":"transfer","line":126,"loc":{"start":{"line":126,"column":4},"end":{"line":129,"column":4}}},"16":{"name":"transferFrom","line":131,"loc":{"start":{"line":131,"column":4},"end":{"line":139,"column":4}}}},"statementMap":{"1":{"start":{"line":45,"column":8},"end":{"line":45,"column":67}},"2":{"start":{"line":46,"column":8},"end":{"line":46,"column":45}},"3":{"start":{"line":47,"column":8},"end":{"line":47,"column":53}},"4":{"start":{"line":51,"column":8},"end":{"line":51,"column":70}},"5":{"start":{"line":52,"column":8},"end":{"line":52,"column":67}},"6":{"start":{"line":53,"column":8},"end":{"line":53,"column":45}},"7":{"start":{"line":54,"column":8},"end":{"line":54,"column":53}},"8":{"start":{"line":58,"column":8},"end":{"line":58,"column":60}},"9":{"start":{"line":59,"column":8},"end":{"line":59,"column":47}},"10":{"start":{"line":60,"column":8},"end":{"line":60,"column":47}},"11":{"start":{"line":61,"column":8},"end":{"line":61,"column":36}},"12":{"start":{"line":65,"column":8},"end":{"line":65,"column":36}},"13":{"start":{"line":69,"column":8},"end":{"line":69,"column":38}},"14":{"start":{"line":80,"column":8},"end":{"line":80,"column":20}},"15":{"start":{"line":84,"column":8},"end":{"line":84,"column":22}},"16":{"start":{"line":88,"column":8},"end":{"line":88,"column":24}},"17":{"start":{"line":92,"column":8},"end":{"line":92,"column":35}},"18":{"start":{"line":96,"column":8},"end":{"line":96,"column":29}},"19":{"start":{"line":100,"column":8},"end":{"line":100,"column":27}},"20":{"start":{"line":104,"column":8},"end":{"line":104,"column":40}},"21":{"start":{"line":105,"column":8},"end":{"line":105,"column":43}},"22":{"start":{"line":106,"column":8},"end":{"line":106,"column":19}},"23":{"start":{"line":110,"column":8},"end":{"line":110,"column":75}},"24":{"start":{"line":111,"column":8},"end":{"line":111,"column":67}},"25":{"start":{"line":112,"column":8},"end":{"line":112,"column":19}},"26":{"start":{"line":116,"column":8},"end":{"line":116,"column":51}},"27":{"start":{"line":117,"column":8},"end":{"line":117,"column":4024}},"28":{"start":{"line":118,"column":12},"end":{"line":118,"column":42}},"29":{"start":{"line":120,"column":12},"end":{"line":120,"column":60}},"30":{"start":{"line":122,"column":8},"end":{"line":122,"column":67}},"31":{"start":{"line":123,"column":8},"end":{"line":123,"column":19}},"32":{"start":{"line":127,"column":8},"end":{"line":127,"column":34}},"33":{"start":{"line":128,"column":8},"end":{"line":128,"column":19}},"34":{"start":{"line":132,"column":8},"end":{"line":132,"column":96}},"35":{"start":{"line":133,"column":8},"end":{"line":133,"column":27}},"36":{"start":{"line":134,"column":8},"end":{"line":134,"column":4639}},"37":{"start":{"line":135,"column":12},"end":{"line":135,"column":79}},"38":{"start":{"line":136,"column":12},"end":{"line":136,"column":71}},"39":{"start":{"line":138,"column":8},"end":{"line":138,"column":19}}},"branchMap":{"1":{"line":51,"type":"if","locations":[{"start":{"line":51,"column":8},"end":{"line":51,"column":8}},{"start":{"line":51,"column":8},"end":{"line":51,"column":8}}]},"2":{"line":58,"type":"if","locations":[{"start":{"line":58,"column":8},"end":{"line":58,"column":8}},{"start":{"line":58,"column":8},"end":{"line":58,"column":8}}]},"3":{"line":117,"type":"if","locations":[{"start":{"line":117,"column":8},"end":{"line":117,"column":8}},{"start":{"line":117,"column":8},"end":{"line":117,"column":8}}]},"4":{"line":132,"type":"if","locations":[{"start":{"line":132,"column":8},"end":{"line":132,"column":8}},{"start":{"line":132,"column":8},"end":{"line":132,"column":8}}]},"5":{"line":134,"type":"if","locations":[{"start":{"line":134,"column":8},"end":{"line":134,"column":8}},{"start":{"line":134,"column":8},"end":{"line":134,"column":8}}]}}},"contracts/balancer/Migrations.sol":{"l":{"8":0,"12":0,"16":0,"20":0,"21":0},"path":"/Users/fabianscherer/Documents/GitHub/Privat/curve-vote-app/contracts/balancer/Migrations.sol","s":{"1":0,"2":0,"3":0,"4":0,"5":0},"b":{"1":[0,0]},"f":{"1":0,"2":0,"3":0,"4":0},"fnMap":{"1":{"name":"constructor","line":7,"loc":{"start":{"line":7,"column":4},"end":{"line":9,"column":4}}},"2":{"name":"restricted","line":11,"loc":{"start":{"line":11,"column":4},"end":{"line":13,"column":4}}},"3":{"name":"setCompleted","line":15,"loc":{"start":{"line":15,"column":4},"end":{"line":17,"column":4}}},"4":{"name":"upgrade","line":19,"loc":{"start":{"line":19,"column":4},"end":{"line":22,"column":4}}}},"statementMap":{"1":{"start":{"line":8,"column":8},"end":{"line":8,"column":25}},"2":{"start":{"line":12,"column":8},"end":{"line":12,"column":34}},"3":{"start":{"line":16,"column":8},"end":{"line":16,"column":41}},"4":{"start":{"line":20,"column":8},"end":{"line":20,"column":53}},"5":{"start":{"line":21,"column":8},"end":{"line":21,"column":52}}},"branchMap":{"1":{"line":12,"type":"if","locations":[{"start":{"line":12,"column":8},"end":{"line":12,"column":8}},{"start":{"line":12,"column":8},"end":{"line":12,"column":8}}]}}},"contracts/balancer/test/echidna/TBPoolJoinExitPool.sol":{"l":{"14":0,"15":0,"17":0,"18":0,"20":0,"27":0,"28":0,"29":0,"30":0,"32":0,"33":0,"35":0,"42":0,"46":0,"47":0,"48":0,"49":0,"51":0,"52":0,"54":0,"56":0,"57":0,"58":0,"61":0,"62":0,"63":0},"path":"/Users/fabianscherer/Documents/GitHub/Privat/curve-vote-app/contracts/balancer/test/echidna/TBPoolJoinExitPool.sol","s":{"1":0,"2":0,"3":0,"4":0,"5":0,"6":0,"7":0,"8":0,"9":0,"10":0,"11":0,"12":0,"13":0,"14":0,"15":0,"16":0,"17":0,"18":0,"19":0,"20":0,"21":0,"22":0,"23":0,"24":0,"25":0,"26":0},"b":{"1":[0,0],"2":[0,0],"3":[0,0],"4":[0,0],"5":[0,0],"6":[0,0],"7":[0,0],"8":[0,0],"9":[0,0],"10":[0,0],"11":[0,0]},"f":{"1":0,"2":0,"3":0},"fnMap":{"1":{"name":"joinPool","line":11,"loc":{"start":{"line":11,"column":4},"end":{"line":21,"column":4}}},"2":{"name":"exitPool","line":24,"loc":{"start":{"line":24,"column":4},"end":{"line":36,"column":4}}},"3":{"name":"joinAndExitPool","line":41,"loc":{"start":{"line":41,"column":4},"end":{"line":64,"column":4}}}},"statementMap":{"1":{"start":{"line":14,"column":8},"end":{"line":14,"column":51}},"2":{"start":{"line":15,"column":8},"end":{"line":15,"column":45}},"3":{"start":{"line":17,"column":8},"end":{"line":17,"column":37}},"4":{"start":{"line":18,"column":8},"end":{"line":18,"column":45}},"5":{"start":{"line":20,"column":8},"end":{"line":20,"column":28}},"6":{"start":{"line":27,"column":8},"end":{"line":27,"column":51}},"7":{"start":{"line":28,"column":8},"end":{"line":28,"column":58}},"8":{"start":{"line":29,"column":8},"end":{"line":29,"column":53}},"9":{"start":{"line":30,"column":8},"end":{"line":30,"column":45}},"10":{"start":{"line":32,"column":8},"end":{"line":32,"column":37}},"11":{"start":{"line":33,"column":8},"end":{"line":33,"column":46}},"12":{"start":{"line":35,"column":8},"end":{"line":35,"column":29}},"13":{"start":{"line":42,"column":8},"end":{"line":42,"column":83}},"14":{"start":{"line":46,"column":8},"end":{"line":46,"column":38}},"15":{"start":{"line":47,"column":8},"end":{"line":47,"column":36}},"16":{"start":{"line":48,"column":8},"end":{"line":48,"column":46}},"17":{"start":{"line":49,"column":8},"end":{"line":49,"column":43}},"18":{"start":{"line":51,"column":8},"end":{"line":51,"column":49}},"19":{"start":{"line":52,"column":8},"end":{"line":52,"column":67}},"20":{"start":{"line":54,"column":8},"end":{"line":54,"column":33}},"21":{"start":{"line":56,"column":8},"end":{"line":56,"column":41}},"22":{"start":{"line":57,"column":8},"end":{"line":57,"column":83}},"23":{"start":{"line":58,"column":8},"end":{"line":58,"column":52}},"24":{"start":{"line":61,"column":8},"end":{"line":61,"column":44}},"25":{"start":{"line":62,"column":8},"end":{"line":62,"column":47}},"26":{"start":{"line":63,"column":8},"end":{"line":63,"column":35}}},"branchMap":{"1":{"line":15,"type":"if","locations":[{"start":{"line":15,"column":8},"end":{"line":15,"column":8}},{"start":{"line":15,"column":8},"end":{"line":15,"column":8}}]},"2":{"line":30,"type":"if","locations":[{"start":{"line":30,"column":8},"end":{"line":30,"column":8}},{"start":{"line":30,"column":8},"end":{"line":30,"column":8}}]},"3":{"line":46,"type":"if","locations":[{"start":{"line":46,"column":8},"end":{"line":46,"column":8}},{"start":{"line":46,"column":8},"end":{"line":46,"column":8}}]},"4":{"line":47,"type":"if","locations":[{"start":{"line":47,"column":8},"end":{"line":47,"column":8}},{"start":{"line":47,"column":8},"end":{"line":47,"column":8}}]},"5":{"line":48,"type":"if","locations":[{"start":{"line":48,"column":8},"end":{"line":48,"column":8}},{"start":{"line":48,"column":8},"end":{"line":48,"column":8}}]},"6":{"line":49,"type":"if","locations":[{"start":{"line":49,"column":8},"end":{"line":49,"column":8}},{"start":{"line":49,"column":8},"end":{"line":49,"column":8}}]},"7":{"line":54,"type":"if","locations":[{"start":{"line":54,"column":8},"end":{"line":54,"column":8}},{"start":{"line":54,"column":8},"end":{"line":54,"column":8}}]},"8":{"line":56,"type":"if","locations":[{"start":{"line":56,"column":8},"end":{"line":56,"column":8}},{"start":{"line":56,"column":8},"end":{"line":56,"column":8}}]},"9":{"line":58,"type":"if","locations":[{"start":{"line":58,"column":8},"end":{"line":58,"column":8}},{"start":{"line":58,"column":8},"end":{"line":58,"column":8}}]},"10":{"line":61,"type":"if","locations":[{"start":{"line":61,"column":8},"end":{"line":61,"column":8}},{"start":{"line":61,"column":8},"end":{"line":61,"column":8}}]},"11":{"line":62,"type":"if","locations":[{"start":{"line":62,"column":8},"end":{"line":62,"column":8}},{"start":{"line":62,"column":8},"end":{"line":62,"column":8}}]}}},"contracts/balancer/test/echidna/TBPoolJoinExitPoolNoFee.sol":{"l":{"14":0,"15":0,"17":0,"18":0,"20":0,"27":0,"28":0,"30":0,"31":0,"33":0,"41":0,"45":0,"46":0,"47":0,"48":0,"50":0,"51":0,"53":0,"55":0,"56":0,"57":0,"60":0,"61":0,"62":0},"path":"/Users/fabianscherer/Documents/GitHub/Privat/curve-vote-app/contracts/balancer/test/echidna/TBPoolJoinExitPoolNoFee.sol","s":{"1":0,"2":0,"3":0,"4":0,"5":0,"6":0,"7":0,"8":0,"9":0,"10":0,"11":0,"12":0,"13":0,"14":0,"15":0,"16":0,"17":0,"18":0,"19":0,"20":0,"21":0,"22":0,"23":0,"24":0},"b":{"1":[0,0],"2":[0,0],"3":[0,0],"4":[0,0],"5":[0,0],"6":[0,0],"7":[0,0],"8":[0,0],"9":[0,0],"10":[0,0],"11":[0,0]},"f":{"1":0,"2":0,"3":0},"fnMap":{"1":{"name":"joinPool","line":11,"loc":{"start":{"line":11,"column":4},"end":{"line":21,"column":4}}},"2":{"name":"exitPoolNoFee","line":24,"loc":{"start":{"line":24,"column":4},"end":{"line":34,"column":4}}},"3":{"name":"joinAndExitNoFeePool","line":38,"loc":{"start":{"line":38,"column":4},"end":{"line":63,"column":4}}}},"statementMap":{"1":{"start":{"line":14,"column":8},"end":{"line":14,"column":51}},"2":{"start":{"line":15,"column":8},"end":{"line":15,"column":45}},"3":{"start":{"line":17,"column":8},"end":{"line":17,"column":37}},"4":{"start":{"line":18,"column":8},"end":{"line":18,"column":45}},"5":{"start":{"line":20,"column":8},"end":{"line":20,"column":28}},"6":{"start":{"line":27,"column":8},"end":{"line":27,"column":50}},"7":{"start":{"line":28,"column":8},"end":{"line":28,"column":45}},"8":{"start":{"line":30,"column":8},"end":{"line":30,"column":37}},"9":{"start":{"line":31,"column":8},"end":{"line":31,"column":46}},"10":{"start":{"line":33,"column":8},"end":{"line":33,"column":29}},"11":{"start":{"line":41,"column":8},"end":{"line":41,"column":83}},"12":{"start":{"line":45,"column":8},"end":{"line":45,"column":38}},"13":{"start":{"line":46,"column":8},"end":{"line":46,"column":36}},"14":{"start":{"line":47,"column":8},"end":{"line":47,"column":46}},"15":{"start":{"line":48,"column":8},"end":{"line":48,"column":43}},"16":{"start":{"line":50,"column":8},"end":{"line":50,"column":49}},"17":{"start":{"line":51,"column":8},"end":{"line":51,"column":67}},"18":{"start":{"line":53,"column":8},"end":{"line":53,"column":33}},"19":{"start":{"line":55,"column":8},"end":{"line":55,"column":41}},"20":{"start":{"line":56,"column":8},"end":{"line":56,"column":88}},"21":{"start":{"line":57,"column":8},"end":{"line":57,"column":52}},"22":{"start":{"line":60,"column":8},"end":{"line":60,"column":44}},"23":{"start":{"line":61,"column":8},"end":{"line":61,"column":47}},"24":{"start":{"line":62,"column":8},"end":{"line":62,"column":35}}},"branchMap":{"1":{"line":15,"type":"if","locations":[{"start":{"line":15,"column":8},"end":{"line":15,"column":8}},{"start":{"line":15,"column":8},"end":{"line":15,"column":8}}]},"2":{"line":28,"type":"if","locations":[{"start":{"line":28,"column":8},"end":{"line":28,"column":8}},{"start":{"line":28,"column":8},"end":{"line":28,"column":8}}]},"3":{"line":45,"type":"if","locations":[{"start":{"line":45,"column":8},"end":{"line":45,"column":8}},{"start":{"line":45,"column":8},"end":{"line":45,"column":8}}]},"4":{"line":46,"type":"if","locations":[{"start":{"line":46,"column":8},"end":{"line":46,"column":8}},{"start":{"line":46,"column":8},"end":{"line":46,"column":8}}]},"5":{"line":47,"type":"if","locations":[{"start":{"line":47,"column":8},"end":{"line":47,"column":8}},{"start":{"line":47,"column":8},"end":{"line":47,"column":8}}]},"6":{"line":48,"type":"if","locations":[{"start":{"line":48,"column":8},"end":{"line":48,"column":8}},{"start":{"line":48,"column":8},"end":{"line":48,"column":8}}]},"7":{"line":53,"type":"if","locations":[{"start":{"line":53,"column":8},"end":{"line":53,"column":8}},{"start":{"line":53,"column":8},"end":{"line":53,"column":8}}]},"8":{"line":55,"type":"if","locations":[{"start":{"line":55,"column":8},"end":{"line":55,"column":8}},{"start":{"line":55,"column":8},"end":{"line":55,"column":8}}]},"9":{"line":57,"type":"if","locations":[{"start":{"line":57,"column":8},"end":{"line":57,"column":8}},{"start":{"line":57,"column":8},"end":{"line":57,"column":8}}]},"10":{"line":60,"type":"if","locations":[{"start":{"line":60,"column":8},"end":{"line":60,"column":8}},{"start":{"line":60,"column":8},"end":{"line":60,"column":8}}]},"11":{"line":61,"type":"if","locations":[{"start":{"line":61,"column":8},"end":{"line":61,"column":8}},{"start":{"line":61,"column":8},"end":{"line":61,"column":8}}]}}},"contracts/balancer/test/echidna/TBPoolJoinPool.sol":{"l":{"17":0,"18":0,"19":0,"20":0,"22":0,"23":0,"25":0,"26":0,"28":0,"29":0,"31":0},"path":"/Users/fabianscherer/Documents/GitHub/Privat/curve-vote-app/contracts/balancer/test/echidna/TBPoolJoinPool.sol","s":{"1":0,"2":0,"3":0,"4":0,"5":0,"6":0,"7":0,"8":0,"9":0,"10":0,"11":0},"b":{"1":[0,0],"2":[0,0],"3":[0,0],"4":[0,0],"5":[0,0],"6":[0,0],"7":[0,0]},"f":{"1":0},"fnMap":{"1":{"name":"joinPool","line":12,"loc":{"start":{"line":12,"column":4},"end":{"line":32,"column":4}}}},"statementMap":{"1":{"start":{"line":17,"column":8},"end":{"line":17,"column":38}},"2":{"start":{"line":18,"column":8},"end":{"line":18,"column":36}},"3":{"start":{"line":19,"column":8},"end":{"line":19,"column":46}},"4":{"start":{"line":20,"column":8},"end":{"line":20,"column":43}},"5":{"start":{"line":22,"column":8},"end":{"line":22,"column":51}},"6":{"start":{"line":23,"column":8},"end":{"line":23,"column":45}},"7":{"start":{"line":25,"column":8},"end":{"line":25,"column":37}},"8":{"start":{"line":26,"column":8},"end":{"line":26,"column":45}},"9":{"start":{"line":28,"column":8},"end":{"line":28,"column":33}},"10":{"start":{"line":29,"column":8},"end":{"line":29,"column":34}},"11":{"start":{"line":31,"column":8},"end":{"line":31,"column":35}}},"branchMap":{"1":{"line":17,"type":"if","locations":[{"start":{"line":17,"column":8},"end":{"line":17,"column":8}},{"start":{"line":17,"column":8},"end":{"line":17,"column":8}}]},"2":{"line":18,"type":"if","locations":[{"start":{"line":18,"column":8},"end":{"line":18,"column":8}},{"start":{"line":18,"column":8},"end":{"line":18,"column":8}}]},"3":{"line":19,"type":"if","locations":[{"start":{"line":19,"column":8},"end":{"line":19,"column":8}},{"start":{"line":19,"column":8},"end":{"line":19,"column":8}}]},"4":{"line":20,"type":"if","locations":[{"start":{"line":20,"column":8},"end":{"line":20,"column":8}},{"start":{"line":20,"column":8},"end":{"line":20,"column":8}}]},"5":{"line":23,"type":"if","locations":[{"start":{"line":23,"column":8},"end":{"line":23,"column":8}},{"start":{"line":23,"column":8},"end":{"line":23,"column":8}}]},"6":{"line":28,"type":"if","locations":[{"start":{"line":28,"column":8},"end":{"line":28,"column":8}},{"start":{"line":28,"column":8},"end":{"line":28,"column":8}}]},"7":{"line":29,"type":"if","locations":[{"start":{"line":29,"column":8},"end":{"line":29,"column":8}},{"start":{"line":29,"column":8},"end":{"line":29,"column":8}}]}}},"contracts/balancer/test/TMath.sol":{"l":{"24":0,"28":0,"32":0,"36":0,"40":0,"44":0,"48":0,"52":0,"56":0,"60":0},"path":"/Users/fabianscherer/Documents/GitHub/Privat/curve-vote-app/contracts/balancer/test/TMath.sol","s":{"1":0,"2":0,"3":0,"4":0,"5":0,"6":0,"7":0,"8":0,"9":0,"10":0},"b":{},"f":{"1":0,"2":0,"3":0,"4":0,"5":0,"6":0,"7":0,"8":0,"9":0,"10":0},"fnMap":{"1":{"name":"calc_btoi","line":23,"loc":{"start":{"line":23,"column":4},"end":{"line":25,"column":4}}},"2":{"name":"calc_bfloor","line":27,"loc":{"start":{"line":27,"column":4},"end":{"line":29,"column":4}}},"3":{"name":"calc_badd","line":31,"loc":{"start":{"line":31,"column":4},"end":{"line":33,"column":4}}},"4":{"name":"calc_bsub","line":35,"loc":{"start":{"line":35,"column":4},"end":{"line":37,"column":4}}},"5":{"name":"calc_bsubSign","line":39,"loc":{"start":{"line":39,"column":4},"end":{"line":41,"column":4}}},"6":{"name":"calc_bmul","line":43,"loc":{"start":{"line":43,"column":4},"end":{"line":45,"column":4}}},"7":{"name":"calc_bdiv","line":47,"loc":{"start":{"line":47,"column":4},"end":{"line":49,"column":4}}},"8":{"name":"calc_bpowi","line":51,"loc":{"start":{"line":51,"column":4},"end":{"line":53,"column":4}}},"9":{"name":"calc_bpow","line":55,"loc":{"start":{"line":55,"column":4},"end":{"line":57,"column":4}}},"10":{"name":"calc_bpowApprox","line":59,"loc":{"start":{"line":59,"column":4},"end":{"line":61,"column":4}}}},"statementMap":{"1":{"start":{"line":24,"column":8},"end":{"line":24,"column":22}},"2":{"start":{"line":28,"column":8},"end":{"line":28,"column":24}},"3":{"start":{"line":32,"column":8},"end":{"line":32,"column":25}},"4":{"start":{"line":36,"column":8},"end":{"line":36,"column":25}},"5":{"start":{"line":40,"column":8},"end":{"line":40,"column":29}},"6":{"start":{"line":44,"column":8},"end":{"line":44,"column":25}},"7":{"start":{"line":48,"column":8},"end":{"line":48,"column":25}},"8":{"start":{"line":52,"column":8},"end":{"line":52,"column":26}},"9":{"start":{"line":56,"column":8},"end":{"line":56,"column":30}},"10":{"start":{"line":60,"column":8},"end":{"line":60,"column":47}}},"branchMap":{}},"contracts/ba
[...]
line":114,"column":8},"end":{"line":114,"column":44}},"37":{"start":{"line":116,"column":8},"end":{"line":116,"column":84}},"38":{"start":{"line":117,"column":8},"end":{"line":117,"column":49}},"39":{"start":{"line":118,"column":8},"end":{"line":118,"column":3692}},"40":{"start":{"line":119,"column":12},"end":{"line":119,"column":59}},"41":{"start":{"line":121,"column":12},"end":{"line":121,"column":56}},"42":{"start":{"line":122,"column":12},"end":{"line":122,"column":47}},"43":{"start":{"line":123,"column":12},"end":{"line":123,"column":25}},"44":{"start":{"line":124,"column":12},"end":{"line":124,"column":3984}},"45":{"start":{"line":125,"column":16},"end":{"line":125,"column":4050}},"46":{"start":{"line":126,"column":20},"end":{"line":126,"column":43}},"47":{"start":{"line":127,"column":20},"end":{"line":127,"column":4171}},"48":{"start":{"line":128,"column":24},"end":{"line":128,"column":55}},"49":{"start":{"line":132,"column":12},"end":{"line":132,"column":58}},"50":{"start":{"line":134,"column":8},"end":{"line":134,"column":63}},"51":{"start":{"line":138,"column":8},"end":{"line":138,"column":27}},"52":{"start":{"line":139,"column":8},"end":{"line":139,"column":38}},"53":{"start":{"line":141,"column":8},"end":{"line":141,"column":4598}},"54":{"start":{"line":142,"column":12},"end":{"line":142,"column":42}},"55":{"start":{"line":143,"column":12},"end":{"line":143,"column":4705}},"56":{"start":{"line":146,"column":15},"end":{"line":146,"column":4802}},"57":{"start":{"line":147,"column":12},"end":{"line":147,"column":42}},"58":{"start":{"line":148,"column":12},"end":{"line":148,"column":4912}},"59":{"start":{"line":153,"column":8},"end":{"line":153,"column":40}},"60":{"start":{"line":155,"column":8},"end":{"line":155,"column":28}}},"branchMap":{"1":{"line":24,"type":"if","locations":[{"start":{"line":24,"column":8},"end":{"line":24,"column":8}},{"start":{"line":24,"column":8},"end":{"line":24,"column":8}}]},"2":{"line":29,"type":"if","locations":[{"start":{"line":29,"column":8},"end":{"line":29,"column":8}},{"start":{"line":29,"column":8},"end":{"line":29,"column":8}}]},"3":{"line":30,"type":"if","locations":[{"start":{"line":30,"column":8},"end":{"line":30,"column":8}},{"start":{"line":30,"column":8},"end":{"line":30,"column":8}}]},"4":{"line":52,"type":"if","locations":[{"start":{"line":52,"column":8},"end":{"line":52,"column":8}},{"start":{"line":52,"column":8},"end":{"line":52,"column":8}}]},"5":{"line":65,"type":"if","locations":[{"start":{"line":65,"column":12},"end":{"line":65,"column":12}},{"start":{"line":65,"column":12},"end":{"line":65,"column":12}}]},"6":{"line":74,"type":"if","locations":[{"start":{"line":74,"column":8},"end":{"line":74,"column":8}},{"start":{"line":74,"column":8},"end":{"line":74,"column":8}}]},"7":{"line":89,"type":"if","locations":[{"start":{"line":89,"column":8},"end":{"line":89,"column":8}},{"start":{"line":89,"column":8},"end":{"line":89,"column":8}}]},"8":{"line":92,"type":"if","locations":[{"start":{"line":92,"column":8},"end":{"line":92,"column":8}},{"start":{"line":92,"column":8},"end":{"line":92,"column":8}}]},"9":{"line":101,"type":"if","locations":[{"start":{"line":101,"column":12},"end":{"line":101,"column":12}},{"start":{"line":101,"column":12},"end":{"line":101,"column":12}}]},"10":{"line":114,"type":"if","locations":[{"start":{"line":114,"column":8},"end":{"line":114,"column":8}},{"start":{"line":114,"column":8},"end":{"line":114,"column":8}}]},"11":{"line":118,"type":"if","locations":[{"start":{"line":118,"column":8},"end":{"line":118,"column":8}},{"start":{"line":118,"column":8},"end":{"line":118,"column":8}}]},"12":{"line":125,"type":"if","locations":[{"start":{"line":125,"column":16},"end":{"line":125,"column":16}},{"start":{"line":125,"column":16},"end":{"line":125,"column":16}}]},"13":{"line":127,"type":"if","locations":[{"start":{"line":127,"column":20},"end":{"line":127,"column":20}},{"start":{"line":127,"column":20},"end":{"line":127,"column":20}}]},"14":{"line":141,"type":"if","locations":[{"start":{"line":141,"column":8},"end":{"line":141,"column":8}},{"start":{"line":141,"column":8},"end":{"line":141,"column":8}}]},"15":{"line":143,"type":"if","locations":[{"start":{"line":143,"column":12},"end":{"line":143,"column":12}},{"start":{"line":143,"column":12},"end":{"line":143,"column":12}}]},"16":{"line":146,"type":"if","locations":[{"start":{"line":146,"column":15},"end":{"line":146,"column":15}},{"start":{"line":146,"column":15},"end":{"line":146,"column":15}}]},"17":{"line":148,"type":"if","locations":[{"start":{"line":148,"column":12},"end":{"line":148,"column":12}},{"start":{"line":148,"column":12},"end":{"line":148,"column":12}}]},"18":{"line":153,"type":"if","locations":[{"start":{"line":153,"column":8},"end":{"line":153,"column":8}},{"start":{"line":153,"column":8},"end":{"line":153,"column":8}}]}}},"contracts/own/interfaces/IERC20.sol":{"l":{},"path":"/Users/fabianscherer/Documents/GitHub/Privat/curve-vote-app/contracts/own/interfaces/IERC20.sol","s":{},"b":{},"f":{},"fnMap":{},"statementMap":{},"branchMap":{}},"contracts/primeBalancer/BalancerProxy.sol":{"l":{"56":0,"57":0,"58":0,"62":0,"63":0,"64":0,"73":0,"74":0,"75":0,"77":0,"78":0,"79":0,"87":0,"95":0,"105":0,"112":0,"120":0,"129":0,"139":0,"148":0,"149":0,"150":0,"151":0,"160":0,"161":0,"162":0,"168":0,"169":0,"171":0,"180":0,"181":0,"185":0,"186":0,"188":0,"197":0,"198":0,"202":0,"203":0,"206":0,"207":0,"218":0,"220":0,"221":0,"225":0,"226":0,"228":0,"239":0,"240":0,"244":0,"245":0,"247":0,"248":0,"259":0,"260":0,"264":0,"265":0,"267":0,"275":0,"276":0,"280":0,"281":0,"283":0,"292":0,"293":0,"297":0,"298":0,"300":0,"310":0,"311":0,"315":0,"316":0,"318":0,"328":0,"329":0,"335":0,"336":0,"338":0,"340":0,"346":0,"348":0,"354":0,"358":0,"359":0,"360":0,"361":0},"path":"/Users/fabianscherer/Documents/GitHub/Privat/curve-vote-app/contracts/primeBalancer/BalancerProxy.sol","s":{"1":0,"2":0,"3":0,"4":0,"5":0,"6":0,"7":0,"8":0,"9":0,"10":0,"11":0,"12":0,"13":0,"14":0,"15":0,"16":0,"17":0,"18":0,"19":0,"20":0,"21":0,"22":0,"23":0,"24":0,"25":0,"26":0,"27":0,"28":0,"29":0,"30":0,"31":0,"32":0,"33":0,"34":0,"35":0,"36":0,"37":0,"38":0,"39":0,"40":0,"41":0,"42":0,"43":0,"44":0,"45":0,"46":0,"47":0,"48":0,"49":0,"50":0,"51":0,"52":0,"53":0,"54":0,"55":0,"56":0,"57":0,"58":0,"59":0,"60":0,"61":0,"62":0,"63":0,"64":0,"65":0,"66":0,"67":0,"68":0,"69":0,"70":0,"71":0,"72":0,"73":0,"74":0,"75":0,"76":0,"77":0,"78":0,"79":0,"80":0,"81":0,"82":0,"83":0},"b":{"1":[0,0],"2":[0,0],"3":[0,0],"4":[0,0],"5":[0,0],"6":[0,0],"7":[0,0],"8":[0,0],"9":[0,0],"10":[0,0],"11":[0,0],"12":[0,0],"13":[0,0],"14":[0,0],"15":[0,0],"16":[0,0],"17":[0,0],"18":[0,0],"19":[0,0],"20":[0,0]},"f":{"1":0,"2":0,"3":0,"4":0,"5":0,"6":0,"7":0,"8":0,"9":0,"10":0,"11":0,"12":0,"13":0,"14":0,"15":0,"16":0,"17":0,"18":0,"19":0,"20":0,"21":0,"22":0,"23":0},"fnMap":{"1":{"name":"initializer","line":55,"loc":{"start":{"line":55,"column":4},"end":{"line":59,"column":4}}},"2":{"name":"protected","line":61,"loc":{"start":{"line":61,"column":4},"end":{"line":65,"column":4}}},"3":{"name":"initialize","line":72,"loc":{"start":{"line":72,"column":4},"end":{"line":80,"column":4}}},"4":{"name":"setPublicSwap","line":86,"loc":{"start":{"line":86,"column":4},"end":{"line":88,"column":4}}},"5":{"name":"setSwapFee","line":94,"loc":{"start":{"line":94,"column":4},"end":{"line":96,"column":4}}},"6":{"name":"commitAddToken","line":104,"loc":{"start":{"line":104,"column":4},"end":{"line":106,"column":4}}},"7":{"name":"applyAddToken","line":111,"loc":{"start":{"line":111,"column":4},"end":{"line":113,"column":4}}},"8":{"name":"removeToken","line":119,"loc":{"start":{"line":119,"column":4},"end":{"line":121,"column":4}}},"9":{"name":"updateWeight","line":128,"loc":{"start":{"line":128,"column":4},"end":{"line":130,"column":4}}},"10":{"name":"updateWeightsGradually","line":138,"loc":{"start":{"line":138,"column":4},"end":{"line":140,"column":4}}},"11":{"name":"joinPool","line":147,"loc":{"start":{"line":147,"column":4},"end":{"line":152,"column":4}}},"12":{"name":"exitPool","line":159,"loc":{"start":{"line":159,"column":4},"end":{"line":163,"column":4}}},"13":{"name":"_setPublicSwap","line":167,"loc":{"start":{"line":167,"column":4},"end":{"line":182,"column":4}}},"14":{"name":"_setSwapFee","line":184,"loc":{"start":{"line":184,"column":4},"end":{"line":199,"column":4}}},"15":{"name":"_updateWeight","line":201,"loc":{"start":{"line":201,"column":4},"end":{"line":222,"column":4}}},"16":{"name":"_updateWeightsGradually","line":224,"loc":{"start":{"line":224,"column":4},"end":{"line":241,"column":4}}},"17":{"name":"_commitAddToken","line":243,"loc":{"start":{"line":243,"column":4},"end":{"line":261,"column":4}}},"18":{"name":"_applyAddToken","line":263,"loc":{"start":{"line":263,"column":4},"end":{"line":277,"column":4}}},"19":{"name":"_removeToken","line":279,"loc":{"start":{"line":279,"column":4},"end":{"line":294,"column":4}}},"20":{"name":"_joinPool","line":296,"loc":{"start":{"line":296,"column":4},"end":{"line":312,"column":4}}},"21":{"name":"_exitPool","line":314,"loc":{"start":{"line":314,"column":4},"end":{"line":330,"column":4}}},"22":{"name":"_approve","line":334,"loc":{"start":{"line":334,"column":4},"end":{"line":355,"column":4}}},"23":{"name":"_approveAllTokens","line":357,"loc":{"start":{"line":357,"column":4},"end":{"line":363,"column":4}}}},"statementMap":{"1":{"start":{"line":56,"column":8},"end":{"line":56,"column":72}},"2":{"start":{"line":57,"column":8},"end":{"line":57,"column":25}},"3":{"start":{"line":62,"column":8},"end":{"line":62,"column":85}},"4":{"start":{"line":63,"column":8},"end":{"line":63,"column":83}},"5":{"start":{"line":73,"column":8},"end":{"line":73,"column":92}},"6":{"start":{"line":74,"column":8},"end":{"line":74,"column":93}},"7":{"start":{"line":75,"column":8},"end":{"line":75,"column":92}},"8":{"start":{"line":77,"column":8},"end":{"line":77,"column":23}},"9":{"start":{"line":78,"column":8},"end":{"line":78,"column":23}},"10":{"start":{"line":79,"column":8},"end":{"line":79,"column":22}},"11":{"start":{"line":87,"column":8},"end":{"line":87,"column":33}},"12":{"start":{"line":95,"column":8},"end":{"line":95,"column":27}},"13":{"start":{"line":105,"column":8},"end":{"line":105,"column":58}},"14":{"start":{"line":112,"column":8},"end":{"line":112,"column":23}},"15":{"start":{"line":120,"column":8},"end":{"line":120,"column":26}},"16":{"start":{"line":129,"column":8},"end":{"line":129,"column":38}},"17":{"start":{"line":139,"column":8},"end":{"line":139,"column":64}},"18":{"start":{"line":148,"column":8},"end":{"line":148,"column":62}},"19":{"start":{"line":149,"column":8},"end":{"line":149,"column":71}},"20":{"start":{"line":150,"column":8},"end":{"line":150,"column":50}},"21":{"start":{"line":151,"column":8},"end":{"line":151,"column":45}},"22":{"start":{"line":160,"column":8},"end":{"line":160,"column":62}},"23":{"start":{"line":161,"column":8},"end":{"line":161,"column":72}},"24":{"start":{"line":162,"column":8},"end":{"line":162,"column":45}},"25":{"start":{"line":168,"column":8},"end":{"line":168,"column":32}},"26":{"start":{"line":169,"column":5},"end":{"line":169,"column":55}},"27":{"start":{"line":171,"column":8},"end":{"line":171,"column":7074}},"28":{"start":{"line":180,"column":8},"end":{"line":180,"column":46}},"29":{"start":{"line":181,"column":8},"end":{"line":181,"column":39}},"30":{"start":{"line":185,"column":8},"end":{"line":185,"column":32}},"31":{"start":{"line":186,"column":8},"end":{"line":186,"column":58}},"32":{"start":{"line":188,"column":8},"end":{"line":188,"column":7562}},"33":{"start":{"line":197,"column":8},"end":{"line":197,"column":43}},"34":{"start":{"line":198,"column":8},"end":{"line":198,"column":33}},"35":{"start":{"line":202,"column":8},"end":{"line":202,"column":32}},"36":{"start":{"line":203,"column":8},"end":{"line":203,"column":58}},"37":{"start":{"line":206,"column":8},"end":{"line":206,"column":36}},"38":{"start":{"line":207,"column":8},"end":{"line":207,"column":8139}},"39":{"start":{"line":218,"column":8},"end":{"line":218,"column":26}},"40":{"start":{"line":220,"column":8},"end":{"line":220,"column":38}},"41":{"start":{"line":221,"column":8},"end":{"line":221,"column":45}},"42":{"start":{"line":225,"column":8},"end":{"line":225,"column":32}},"43":{"start":{"line":226,"column":8},"end":{"line":226,"column":58}},"44":{"start":{"line":228,"column":8},"end":{"line":228,"column":8763}},"45":{"start":{"line":239,"column":8},"end":{"line":239,"column":49}},"46":{"start":{"line":240,"column":8},"end":{"line":240,"column":72}},"47":{"start":{"line":244,"column":8},"end":{"line":244,"column":32}},"48":{"start":{"line":245,"column":8},"end":{"line":245,"column":58}},"49":{"start":{"line":247,"column":8},"end":{"line":247,"column":33}},"50":{"start":{"line":248,"column":8},"end":{"line":248,"column":9435}},"51":{"start":{"line":259,"column":8},"end":{"line":259,"column":37}},"52":{"start":{"line":260,"column":8},"end":{"line":260,"column":66}},"53":{"start":{"line":264,"column":8},"end":{"line":264,"column":32}},"54":{"start":{"line":265,"column":8},"end":{"line":265,"column":58}},"55":{"start":{"line":267,"column":8},"end":{"line":267,"column":9991}},"56":{"start":{"line":275,"column":8},"end":{"line":275,"column":34}},"57":{"start":{"line":276,"column":8},"end":{"line":276,"column":35}},"58":{"start":{"line":280,"column":8},"end":{"line":280,"column":32}},"59":{"start":{"line":281,"column":8},"end":{"line":281,"column":58}},"60":{"start":{"line":283,"column":8},"end":{"line":283,"column":10437}},"61":{"start":{"line":292,"column":8},"end":{"line":292,"column":37}},"62":{"start":{"line":293,"column":8},"end":{"line":293,"column":32}},"63":{"start":{"line":297,"column":8},"end":{"line":297,"column":32}},"64":{"start":{"line":298,"column":8},"end":{"line":298,"column":58}},"65":{"start":{"line":300,"column":8},"end":{"line":300,"column":10936}},"66":{"start":{"line":310,"column":8},"end":{"line":310,"column":34}},"67":{"start":{"line":311,"column":8},"end":{"line":311,"column":52}},"68":{"start":{"line":315,"column":8},"end":{"line":315,"column":32}},"69":{"start":{"line":316,"column":8},"end":{"line":316,"column":58}},"70":{"start":{"line":318,"column":8},"end":{"line":318,"column":11488}},"71":{"start":{"line":328,"column":8},"end":{"line":328,"column":34}},"72":{"start":{"line":329,"column":8},"end":{"line":329,"column":52}},"73":{"start":{"line":335,"column":8},"end":{"line":335,"column":64}},"74":{"start":{"line":336,"column":8},"end":{"line":336,"column":32}},"75":{"start":{"line":338,"column":8},"end":{"line":338,"column":12066}},"76":{"start":{"line":340,"column":12},"end":{"line":340,"column":12227}},"77":{"start":{"line":346,"column":12},"end":{"line":346,"column":43}},"78":{"start":{"line":348,"column":8},"end":{"line":348,"column":12498}},"79":{"start":{"line":354,"column":8},"end":{"line":354,"column":39}},"80":{"start":{"line":358,"column":8},"end":{"line":358,"column":12848}},"81":{"start":{"line":359,"column":12},"end":{"line":359,"column":40}},"82":{"start":{"line":360,"column":12},"end":{"line":360,"column":37}},"83":{"start":{"line":361,"column":12},"end":{"line":361,"column":30}}},"branchMap":{"1":{"line":56,"type":"if","locations":[{"start":{"line":56,"column":8},"end":{"line":56,"column":8}},{"start":{"line":56,"column":8},"end":{"line":56,"column":8}}]},"2":{"line":62,"type":"if","locations":[{"start":{"line":62,"column":8},"end":{"line":62,"column":8}},{"start":{"line":62,"column":8},"end":{"line":62,"column":8}}]},"3":{"line":63,"type":"if","locations":[{"start":{"line":63,"column":8},"end":{"line":63,"column":8}},{"start":{"line":63,"column":8},"end":{"line":63,"column":8}}]},"4":{"line":73,"type":"if","locations":[{"start":{"line":73,"column":8},"end":{"line":73,"column":8}},{"start":{"line":73,"column":8},"end":{"line":73,"column":8}}]},"5":{"line":74,"type":"if","locations":[{"start":{"line":74,"column":8},"end":{"line":74,"column":8}},{"start":{"line":74,"column":8},"end":{"line":74,"column":8}}]},"6":{"line":75,"type":"if","locations":[{"start":{"line":75,"column":8},"end":{"line":75,"column":8}},{"start":{"line":75,"column":8},"end":{"line":75,"column":8}}]},"7":{"line":149,"type":"if","locations":[{"start":{"line":149,"column":8},"end":{"line":149,"column":8}},{"start":{"line":149,"column":8},"end":{"line":149,"column":8}}]},"8":{"line":161,"type":"if","locations":[{"start":{"line":161,"column":8},"end":{"line":161,"column":8}},{"start":{"line":161,"column":8},"end":{"line":161,"column":8}}]},"9":{"line":180,"type":"if","locations":[{"start":{"line":180,"column":8},"end":{"line":180,"column":8}},{"start":{"line":180,"column":8},"end":{"line":180,"column":8}}]},"10":{"line":197,"type":"if","locations":[{"start":{"line":197,"column":8},"end":{"line":197,"column":8}},{"start":{"line":197,"column":8},"end":{"line":197,"column":8}}]},"11":{"line":220,"type":"if","locations":[{"start":{"line":220,"column":8},"end":{"line":220,"column":8}},{"start":{"line":220,"column":8},"end":{"line":220,"column":8}}]},"12":{"line":239,"type":"if","locations":[{"start":{"line":239,"column":8},"end":{"line":239,"column":8}},{"start":{"line":239,"column":8},"end":{"line":239,"column":8}}]},"13":{"line":259,"type":"if","locations":[{"start":{"line":259,"column":8},"end":{"line":259,"column":8}},{"start":{"line":259,"column":8},"end":{"line":259,"column":8}}]},"14":{"line":275,"type":"if","locations":[{"start":{"line":275,"column":8},"end":{"line":275,"column":8}},{"start":{"line":275,"column":8},"end":{"line":275,"column":8}}]},"15":{"line":292,"type":"if","locations":[{"start":{"line":292,"column":8},"end":{"line":292,"column":8}},{"start":{"line":292,"column":8},"end":{"line":292,"column":8}}]},"16":{"line":310,"type":"if","locations":[{"start":{"line":310,"column":8},"end":{"line":310,"column":8}},{"start":{"line":310,"column":8},"end":{"line":310,"column":8}}]},"17":{"line":328,"type":"if","locations":[{"start":{"line":328,"column":8},"end":{"line":328,"column":8}},{"start":{"line":328,"column":8},"end":{"line":328,"column":8}}]},"18":{"line":338,"type":"if","locations":[{"start":{"line":338,"column":8},"end":{"line":338,"column":8}},{"start":{"line":338,"column":8},"end":{"line":338,"column":8}}]},"19":{"line":346,"type":"if","locations":[{"start":{"line":346,"column":12},"end":{"line":346,"column":12}},{"start":{"line":346,"column":12},"end":{"line":346,"column":12}}]},"20":{"line":354,"type":"if","locations":[{"start":{"line":354,"column":8},"end":{"line":354,"column":8}},{"start":{"line":354,"column":8},"end":{"line":354,"column":8}}]}}},"contracts/primeBalancer/interfaces/IBPool.sol":{"l":{},"path":"/Users/fabianscherer/Documents/GitHub/Privat/curve-vote-app/contracts/primeBalancer/interfaces/IBPool.sol","s":{},"b":{},"f":{},"fnMap":{},"statementMap":{},"branchMap":{}},"contracts/primeBalancer/interfaces/IConfigurableRightsPool.sol":{"l":{},"path":"/Users/fabianscherer/Documents/GitHub/Privat/curve-vote-app/contracts/primeBalancer/interfaces/IConfigurableRightsPool.sol","s":{},"b":{},"f":{},"fnMap":{},"statementMap":{},"branchMap":{}},"contracts/primeBalancer/interfaces/IRewardDistributionRecipient.sol":{"l":{"14":0,"15":0,"22":0},"path":"/Users/fabianscherer/Documents/GitHub/Privat/curve-vote-app/contracts/primeBalancer/interfaces/IRewardDistributionRecipient.sol","s":{"1":0,"2":0},"b":{"1":[0,0]},"f":{"1":0,"2":0},"fnMap":{"1":{"name":"onlyRewardDistribution","line":13,"loc":{"start":{"line":13,"column":4},"end":{"line":16,"column":4}}},"2":{"name":"setRewardDistribution","line":20,"loc":{"start":{"line":18,"column":4},"end":{"line":23,"column":4}}}},"statementMap":{"1":{"start":{"line":14,"column":8},"end":{"line":14,"column":87}},"2":{"start":{"line":22,"column":8},"end":{"line":22,"column":47}}},"branchMap":{"1":{"line":14,"type":"if","locations":[{"start":{"line":14,"column":8},"end":{"line":14,"column":8}},{"start":{"line":14,"column":8},"end":{"line":14,"column":8}}]}}}}